
 ⛅️ wrangler 4.35.0 (update available 4.42.0)
─────────────────────────────────────────────
Your Worker has access to the following bindings:
Binding                                                         Resource                  Mode
env.HUB (Hub)                                                   Durable Object            local
env.WATCHLIST_KV (32b5726ad5984b269d508d42fbfd7317)             KV Namespace              local
env.QUOTE ("USD")                                               Environment Variable      local
env.BACKEND_ORIGIN ("https://mw-hub.tgpetrie.workers.dev")      Envir⎔ Reloading local server...
Your Worker has access to the following bindings:
Binding                                                  Resource                  Mode
env.HUB (Hub)                                            Durable Object            local
env.SNAPSHOTS_KV (32b5726ad5984b269d508d42fbfd7317)      KV Namespace              local
env.QUOTE ("USD")                                        Environment Variable      local
env.DEBUG ("true")                                       Environment Variable      local

⎔ Reloading local server...
⎔ Reloading local server...
⎔ Reloading local server...
⎔ Reloading local server...
⎔ Reloading local server...
inding                                                  Resource                  Mode
env.HUB (Hub)                                            Durable Object            local
env.SNAPSHOTS_KV (32b5726ad5984b269d508d42fbfd7317)      KV Namespace              local
env.QUOTE ("USD")                                        Environment Variable      local
env.DEBUG ("true")                                       Environment Variable      local

⎔ Reloading local server...
⎔ Reloading local server...
⎔ Reloading local server...
⎔ Reloading local server...
⎔ Reloading local server...
