2025-08-14 08:09:49,727 - INFO - 127.0.0.1 - - [14/Aug/2025 08:09:49] "GET /api/component/bottom-banner-scroll HTTP/1.1" 200 -
2025-08-14 08:09:49,848 - INFO - Successfully fetched Coinbase 24h top movers: 3 gainers, 10 losers
2025-08-14 08:09:49,850 - INFO - 127.0.0.1 - - [14/Aug/2025 08:09:49] "GET /api/component/top-banner-scroll HTTP/1.1" 200 -
2025-08-14 08:09:57,065 - INFO - 127.0.0.1 - - [14/Aug/2025 08:09:57] "GET /api/alerts/recent?limit=25 HTTP/1.1" 200 -
2025-08-14 08:09:57,068 - INFO - 127.0.0.1 - - [14/Aug/2025 08:09:57] "GET /api/alerts/recent?limit=1 HTTP/1.1" 200 -
2025-08-14 08:09:57,069 - INFO - 127.0.0.1 - - [14/Aug/2025 08:09:57] "GET /api/component/gainers-table-1min HTTP/1.1" 200 -
2025-08-14 08:09:58,063 - INFO - 127.0.0.1 - - [14/Aug/2025 08:09:58] "GET /api/alerts/recent?limit=25 HTTP/1.1" 200 -
2025-08-14 08:09:58,064 - INFO - 127.0.0.1 - - [14/Aug/2025 08:09:58] "GET /api/alerts/recent?limit=1 HTTP/1.1" 200 -
2025-08-14 08:09:58,065 - INFO - 127.0.0.1 - - [14/Aug/2025 08:09:58] "GET /api/component/gainers-table-1min HTTP/1.1" 200 -
2025-08-14 08:10:09,288 - INFO - Successfully fetched 50 prices from Coinbase
2025-08-14 08:10:11,913 - INFO - Successfully fetched Coinbase 24h top movers: 0 gainers, 10 losers
2025-08-14 08:10:11,914 - INFO - Successfully processed data: 15 gainers, 12 losers, 10 banner items
2025-08-14 08:10:11,915 - INFO - 3-min cache updated: 15 gainers, 12 losers, 10 banner items
2025-08-14 08:10:14,773 - INFO - Successfully fetched 50 prices from Coinbase
2025-08-14 08:10:14,794 - INFO - 1-min data processed (throttle 45s) retained=25 gainers=1 losers=24
2025-08-14 08:10:14,805 - INFO - 127.0.0.1 - - [14/Aug/2025 08:10:14] "GET /api/component/gainers-table-1min HTTP/1.1" 200 -
2025-08-14 08:10:14,809 - INFO - 127.0.0.1 - - [14/Aug/2025 08:10:14] "GET /api/component/gainers-table-1min HTTP/1.1" 200 -
2025-08-14 08:10:14,815 - INFO - Successfully fetched 50 prices from Coinbase
2025-08-14 08:11:17,578 - INFO - Successfully fetched 50 prices from Coinbase
2025-08-14 08:11:19,966 - INFO - Successfully fetched Coinbase 24h top movers: 0 gainers, 10 losers
2025-08-14 08:11:19,969 - INFO - Successfully processed data: 8 gainers, 15 losers, 10 banner items
2025-08-14 08:11:19,969 - INFO - 3-min cache updated: 8 gainers, 15 losers, 10 banner items
2025-08-14 08:11:21,903 - WARNING - Failed to get ticker for WCT-USD: float() argument must be a string or a real number, not 'NoneType'
2025-08-14 08:11:22,599 - INFO - Successfully fetched 49 prices from Coinbase
2025-08-14 08:12:25,506 - INFO - Successfully fetched 50 prices from Coinbase
2025-08-14 08:12:27,824 - INFO - Successfully fetched Coinbase 24h top movers: 0 gainers, 10 losers
2025-08-14 08:12:27,825 - INFO - Successfully processed data: 15 gainers, 15 losers, 10 banner items
2025-08-14 08:12:27,825 - INFO - 3-min cache updated: 15 gainers, 15 losers, 10 banner items
2025-08-14 08:12:30,377 - INFO - Successfully fetched 50 prices from Coinbase
2025-08-14 08:13:32,947 - INFO - Successfully fetched 50 prices from Coinbase
2025-08-14 08:13:35,581 - INFO - Successfully fetched Coinbase 24h top movers: 2 gainers, 10 losers
2025-08-14 08:13:35,583 - INFO - Successfully processed data: 8 gainers, 15 losers, 12 banner items
2025-08-14 08:13:35,583 - INFO - 3-min cache updated: 8 gainers, 15 losers, 12 banner items
2025-08-14 08:13:38,269 - INFO - Successfully fetched 50 prices from Coinbase
2025-08-14 08:14:41,172 - INFO - Successfully fetched 50 prices from Coinbase
2025-08-14 08:14:43,954 - INFO - Successfully fetched Coinbase 24h top movers: 1 gainers, 10 losers
2025-08-14 08:14:43,956 - INFO - Successfully processed data: 14 gainers, 15 losers, 11 banner items
2025-08-14 08:14:43,956 - INFO - 3-min cache updated: 14 gainers, 15 losers, 11 banner items
2025-08-14 08:14:46,676 - INFO - Successfully fetched 50 prices from Coinbase
2025-08-14 08:15:49,303 - INFO - Successfully fetched 50 prices from Coinbase
2025-08-14 08:15:51,860 - INFO - Successfully fetched Coinbase 24h top movers: 1 gainers, 10 losers
2025-08-14 08:15:51,863 - INFO - Successfully processed data: 15 gainers, 15 losers, 11 banner items
2025-08-14 08:15:51,864 - INFO - 3-min cache updated: 15 gainers, 15 losers, 11 banner items
2025-08-14 08:15:52,922 - WARNING - Failed to get ticker for UNI-USD: HTTPSConnectionPool(host='api.exchange.coinbase.com', port=443): Max retries exceeded with url: /products/UNI-USD/ticker (Caused by SSLError(SSLError(1, '[SSL: TLSV1_ALERT_DECODE_ERROR] tlsv1 alert decode error (_ssl.c:1028)')))
2025-08-14 08:15:54,644 - INFO - Successfully fetched 49 prices from Coinbase
2025-08-14 08:16:57,739 - INFO - Successfully fetched 50 prices from Coinbase
2025-08-14 08:17:00,324 - INFO - Successfully fetched Coinbase 24h top movers: 1 gainers, 10 losers
2025-08-14 08:17:00,326 - INFO - Successfully processed data: 15 gainers, 9 losers, 11 banner items
2025-08-14 08:17:00,327 - INFO - 3-min cache updated: 15 gainers, 9 losers, 11 banner items
2025-08-14 08:17:03,182 - INFO - Successfully fetched 50 prices from Coinbase
2025-08-14 08:18:05,956 - INFO - Successfully fetched 50 prices from Coinbase
2025-08-14 08:18:08,592 - INFO - Successfully fetched Coinbase 24h top movers: 4 gainers, 10 losers
2025-08-14 08:18:08,595 - INFO - Successfully processed data: 15 gainers, 6 losers, 14 banner items
2025-08-14 08:18:08,596 - INFO - 3-min cache updated: 15 gainers, 6 losers, 14 banner items
2025-08-14 08:18:11,283 - INFO - Successfully fetched 50 prices from Coinbase
2025-08-14 08:19:14,302 - INFO - Successfully fetched 50 prices from Coinbase
2025-08-14 08:19:16,926 - INFO - Successfully fetched Coinbase 24h top movers: 5 gainers, 10 losers
2025-08-14 08:19:16,928 - INFO - Successfully processed data: 15 gainers, 4 losers, 15 banner items
2025-08-14 08:19:16,928 - INFO - 3-min cache updated: 15 gainers, 4 losers, 15 banner items
2025-08-14 08:19:19,667 - INFO - Successfully fetched 50 prices from Coinbase
2025-08-14 08:20:22,400 - INFO - Successfully fetched 50 prices from Coinbase
2025-08-14 08:20:24,899 - INFO - Successfully fetched Coinbase 24h top movers: 0 gainers, 10 losers
2025-08-14 08:20:24,901 - INFO - Successfully processed data: 15 gainers, 12 losers, 10 banner items
2025-08-14 08:20:24,901 - INFO - 3-min cache updated: 15 gainers, 12 losers, 10 banner items
2025-08-14 08:20:27,518 - INFO - Successfully fetched 50 prices from Coinbase
2025-08-14 08:21:30,076 - INFO - Successfully fetched 50 prices from Coinbase
2025-08-14 08:21:32,656 - INFO - Successfully fetched Coinbase 24h top movers: 1 gainers, 10 losers
2025-08-14 08:21:32,657 - INFO - Successfully processed data: 15 gainers, 11 losers, 11 banner items
2025-08-14 08:21:32,658 - INFO - 3-min cache updated: 15 gainers, 11 losers, 11 banner items
2025-08-14 08:21:34,281 - WARNING - Failed to get ticker for WCT-USD: float() argument must be a string or a real number, not 'NoneType'
2025-08-14 08:21:35,299 - INFO - Successfully fetched 49 prices from Coinbase
2025-08-14 08:22:37,847 - INFO - Successfully fetched 50 prices from Coinbase
2025-08-14 08:22:40,605 - INFO - Successfully fetched Coinbase 24h top movers: 0 gainers, 10 losers
2025-08-14 08:22:40,607 - INFO - Successfully processed data: 15 gainers, 15 losers, 10 banner items
2025-08-14 08:22:40,608 - INFO - 3-min cache updated: 15 gainers, 15 losers, 10 banner items
2025-08-14 08:22:43,209 - INFO - Successfully fetched 50 prices from Coinbase
2025-08-14 08:23:45,728 - INFO - Successfully fetched 50 prices from Coinbase
2025-08-14 08:23:48,340 - INFO - Successfully fetched Coinbase 24h top movers: 2 gainers, 10 losers
2025-08-14 08:23:48,341 - INFO - Successfully processed data: 15 gainers, 15 losers, 12 banner items
2025-08-14 08:23:48,341 - INFO - 3-min cache updated: 15 gainers, 15 losers, 12 banner items
2025-08-14 08:23:50,834 - INFO - Successfully fetched 50 prices from Coinbase
2025-08-14 08:24:54,896 - INFO - Successfully fetched 50 prices from Coinbase
2025-08-14 08:24:57,134 - INFO - Successfully fetched Coinbase 24h top movers: 1 gainers, 10 losers
2025-08-14 08:24:57,136 - INFO - Successfully processed data: 15 gainers, 15 losers, 11 banner items
2025-08-14 08:24:57,136 - INFO - 3-min cache updated: 15 gainers, 15 losers, 11 banner items
2025-08-14 08:24:59,721 - INFO - Successfully fetched 50 prices from Coinbase
2025-08-14 08:26:02,361 - INFO - Successfully fetched 50 prices from Coinbase
2025-08-14 08:26:04,913 - INFO - Successfully fetched Coinbase 24h top movers: 0 gainers, 10 losers
2025-08-14 08:26:04,915 - INFO - Successfully processed data: 15 gainers, 15 losers, 10 banner items
2025-08-14 08:26:04,916 - INFO - 3-min cache updated: 15 gainers, 15 losers, 10 banner items
2025-08-14 08:26:07,345 - INFO - Successfully fetched 50 prices from Coinbase
2025-08-14 08:27:10,094 - INFO - Successfully fetched 50 prices from Coinbase
2025-08-14 08:27:12,749 - INFO - Successfully fetched Coinbase 24h top movers: 0 gainers, 10 losers
2025-08-14 08:27:12,751 - INFO - Successfully processed data: 15 gainers, 2 losers, 10 banner items
2025-08-14 08:27:12,752 - INFO - 3-min cache updated: 15 gainers, 2 losers, 10 banner items
2025-08-14 08:27:15,222 - INFO - Successfully fetched 50 prices from Coinbase
2025-08-14 08:28:17,775 - INFO - Successfully fetched 50 prices from Coinbase
2025-08-14 08:28:20,283 - INFO - Successfully fetched Coinbase 24h top movers: 1 gainers, 10 losers
2025-08-14 08:28:20,284 - INFO - Successfully processed data: 15 gainers, 1 losers, 11 banner items
2025-08-14 08:28:20,284 - INFO - 3-min cache updated: 15 gainers, 1 losers, 11 banner items
2025-08-14 08:28:23,119 - INFO - Successfully fetched 50 prices from Coinbase
2025-08-14 08:29:25,160 - WARNING - Failed to get ticker for WCT-USD: float() argument must be a string or a real number, not 'NoneType'
2025-08-14 08:29:25,948 - INFO - Successfully fetched 49 prices from Coinbase
2025-08-14 08:29:28,403 - INFO - Successfully fetched Coinbase 24h top movers: 0 gainers, 10 losers
2025-08-14 08:29:28,405 - INFO - Successfully processed data: 15 gainers, 1 losers, 10 banner items
2025-08-14 08:29:28,405 - INFO - 3-min cache updated: 15 gainers, 1 losers, 10 banner items
2025-08-14 08:29:30,921 - INFO - Successfully fetched 50 prices from Coinbase
2025-08-14 08:30:33,505 - INFO - Successfully fetched 50 prices from Coinbase
2025-08-14 08:30:36,118 - INFO - Successfully fetched Coinbase 24h top movers: 4 gainers, 10 losers
2025-08-14 08:30:36,119 - INFO - Successfully processed data: 15 gainers, 5 losers, 14 banner items
2025-08-14 08:30:36,119 - INFO - 3-min cache updated: 15 gainers, 5 losers, 14 banner items
2025-08-14 08:30:39,000 - INFO - Successfully fetched 50 prices from Coinbase
2025-08-14 08:31:41,902 - INFO - Successfully fetched 50 prices from Coinbase
2025-08-14 08:31:44,345 - INFO - Successfully fetched Coinbase 24h top movers: 1 gainers, 10 losers
2025-08-14 08:31:44,345 - INFO - Successfully processed data: 15 gainers, 4 losers, 11 banner items
2025-08-14 08:31:44,345 - INFO - 3-min cache updated: 15 gainers, 4 losers, 11 banner items
2025-08-14 08:31:46,872 - INFO - Successfully fetched 50 prices from Coinbase
2025-08-14 08:32:50,128 - INFO - Successfully fetched 50 prices from Coinbase
2025-08-14 08:32:52,665 - INFO - Successfully fetched Coinbase 24h top movers: 1 gainers, 10 losers
2025-08-14 08:32:52,666 - INFO - Successfully processed data: 15 gainers, 2 losers, 11 banner items
2025-08-14 08:32:52,666 - INFO - 3-min cache updated: 15 gainers, 2 losers, 11 banner items
2025-08-14 08:32:54,786 - WARNING - Failed to get ticker for WCT-USD: float() argument must be a string or a real number, not 'NoneType'
2025-08-14 08:32:55,622 - INFO - Successfully fetched 49 prices from Coinbase
2025-08-14 08:33:58,172 - INFO - Successfully fetched 50 prices from Coinbase
2025-08-14 08:34:00,737 - INFO - Successfully fetched Coinbase 24h top movers: 0 gainers, 10 losers
2025-08-14 08:34:00,738 - INFO - Successfully processed data: 15 gainers, 2 losers, 10 banner items
2025-08-14 08:34:00,739 - INFO - 3-min cache updated: 15 gainers, 2 losers, 10 banner items
2025-08-14 08:34:03,695 - INFO - Successfully fetched 50 prices from Coinbase
2025-08-14 08:35:06,204 - WARNING - Failed to get ticker for WCT-USD: float() argument must be a string or a real number, not 'NoneType'
2025-08-14 08:35:06,568 - INFO - Successfully fetched 49 prices from Coinbase
2025-08-14 08:35:08,858 - INFO - Successfully fetched Coinbase 24h top movers: 1 gainers, 10 losers
2025-08-14 08:35:08,860 - INFO - Successfully processed data: 15 gainers, 15 losers, 11 banner items
2025-08-14 08:35:08,861 - INFO - 3-min cache updated: 15 gainers, 15 losers, 11 banner items
2025-08-14 08:35:11,470 - INFO - Successfully fetched 50 prices from Coinbase
2025-08-14 08:36:14,063 - INFO - Successfully fetched 50 prices from Coinbase
2025-08-14 08:36:16,756 - INFO - Successfully fetched Coinbase 24h top movers: 0 gainers, 10 losers
2025-08-14 08:36:16,757 - INFO - Successfully processed data: 15 gainers, 15 losers, 10 banner items
2025-08-14 08:36:16,758 - INFO - 3-min cache updated: 15 gainers, 15 losers, 10 banner items
2025-08-14 08:36:19,659 - INFO - Successfully fetched 50 prices from Coinbase
2025-08-14 08:37:22,495 - INFO - Successfully fetched 50 prices from Coinbase
2025-08-14 08:37:25,157 - INFO - Successfully fetched Coinbase 24h top movers: 0 gainers, 10 losers
2025-08-14 08:37:25,159 - INFO - Successfully processed data: 15 gainers, 15 losers, 10 banner items
2025-08-14 08:37:25,159 - INFO - 3-min cache updated: 15 gainers, 15 losers, 10 banner items
2025-08-14 08:37:27,751 - INFO - Successfully fetched 50 prices from Coinbase
2025-08-14 08:38:33,744 - INFO - Successfully fetched 50 prices from Coinbase
2025-08-14 08:38:36,349 - INFO - Successfully fetched Coinbase 24h top movers: 2 gainers, 10 losers
2025-08-14 08:38:36,353 - INFO - Successfully processed data: 15 gainers, 15 losers, 12 banner items
2025-08-14 08:38:36,354 - INFO - 3-min cache updated: 15 gainers, 15 losers, 12 banner items
2025-08-14 08:38:38,883 - INFO - Successfully fetched 50 prices from Coinbase
2025-08-14 08:39:41,942 - INFO - Successfully fetched 50 prices from Coinbase
2025-08-14 08:39:45,180 - INFO - Successfully fetched Coinbase 24h top movers: 0 gainers, 10 losers
2025-08-14 08:39:45,181 - INFO - Successfully processed data: 15 gainers, 15 losers, 10 banner items
2025-08-14 08:39:45,181 - INFO - 3-min cache updated: 15 gainers, 15 losers, 10 banner items
2025-08-14 08:39:47,894 - INFO - Successfully fetched 50 prices from Coinbase
2025-08-14 08:40:50,651 - INFO - Successfully fetched 50 prices from Coinbase
2025-08-14 08:40:53,225 - WARNING - Error processing Coinbase 24h data for WCT-USD: float() argument must be a string or a real number, not 'NoneType'
2025-08-14 08:40:53,290 - INFO - Successfully fetched Coinbase 24h top movers: 1 gainers, 10 losers
2025-08-14 08:40:53,291 - INFO - Successfully processed data: 15 gainers, 15 losers, 11 banner items
2025-08-14 08:40:53,291 - INFO - 3-min cache updated: 15 gainers, 15 losers, 11 banner items
2025-08-14 08:40:56,122 - INFO - Successfully fetched 50 prices from Coinbase
2025-08-14 08:41:56,882 - WARNING - Failed to get ticker for INJ-USD: HTTPSConnectionPool(host='api.exchange.coinbase.com', port=443): Max retries exceeded with url: /products/INJ-USD/ticker (Caused by SSLError(SSLError(1, '[SSL: TLSV1_ALERT_DECODE_ERROR] tlsv1 alert decode error (_ssl.c:1028)')))
2025-08-14 08:41:59,200 - INFO - Successfully fetched 49 prices from Coinbase
2025-08-14 08:42:01,812 - INFO - Successfully fetched Coinbase 24h top movers: 0 gainers, 10 losers
2025-08-14 08:42:01,814 - INFO - Successfully processed data: 15 gainers, 15 losers, 10 banner items
2025-08-14 08:42:01,815 - INFO - 3-min cache updated: 15 gainers, 15 losers, 10 banner items
2025-08-14 08:42:04,698 - INFO - Successfully fetched 50 prices from Coinbase
2025-08-14 08:43:07,846 - INFO - Successfully fetched 50 prices from Coinbase
2025-08-14 08:43:10,325 - INFO - Successfully fetched Coinbase 24h top movers: 2 gainers, 10 losers
2025-08-14 08:43:10,326 - INFO - Successfully processed data: 9 gainers, 15 losers, 12 banner items
2025-08-14 08:43:10,327 - INFO - 3-min cache updated: 9 gainers, 15 losers, 12 banner items
2025-08-14 08:43:13,267 - INFO - Successfully fetched 50 prices from Coinbase
2025-08-14 08:44:16,089 - INFO - Successfully fetched 50 prices from Coinbase
2025-08-14 08:44:18,864 - INFO - Successfully fetched Coinbase 24h top movers: 2 gainers, 10 losers
2025-08-14 08:44:18,866 - INFO - Successfully processed data: 11 gainers, 15 losers, 12 banner items
2025-08-14 08:44:18,867 - INFO - 3-min cache updated: 11 gainers, 15 losers, 12 banner items
2025-08-14 08:44:21,923 - INFO - Successfully fetched 50 prices from Coinbase
2025-08-14 08:45:24,716 - INFO - Successfully fetched 50 prices from Coinbase
2025-08-14 08:45:26,951 - INFO - Successfully fetched Coinbase 24h top movers: 2 gainers, 10 losers
2025-08-14 08:45:26,953 - INFO - Successfully processed data: 8 gainers, 15 losers, 12 banner items
2025-08-14 08:45:26,954 - INFO - 3-min cache updated: 8 gainers, 15 losers, 12 banner items
2025-08-14 08:45:30,302 - INFO - Successfully fetched 50 prices from Coinbase
2025-08-14 08:46:33,002 - INFO - Successfully fetched 50 prices from Coinbase
2025-08-14 08:46:35,826 - INFO - Successfully fetched Coinbase 24h top movers: 2 gainers, 10 losers
2025-08-14 08:46:35,828 - INFO - Successfully processed data: 15 gainers, 15 losers, 12 banner items
2025-08-14 08:46:35,829 - INFO - 3-min cache updated: 15 gainers, 15 losers, 12 banner items
2025-08-14 08:46:38,630 - INFO - Successfully fetched 50 prices from Coinbase
2025-08-14 08:47:41,342 - INFO - Successfully fetched 50 prices from Coinbase
2025-08-14 08:47:44,215 - INFO - Successfully fetched Coinbase 24h top movers: 2 gainers, 10 losers
2025-08-14 08:47:44,217 - INFO - Successfully processed data: 15 gainers, 13 losers, 12 banner items
2025-08-14 08:47:44,217 - INFO - 3-min cache updated: 15 gainers, 13 losers, 12 banner items
2025-08-14 08:47:46,626 - INFO - Successfully fetched 50 prices from Coinbase
2025-08-14 08:48:50,016 - INFO - Successfully fetched 49 prices from Coinbase
2025-08-14 08:48:52,587 - INFO - Successfully fetched Coinbase 24h top movers: 1 gainers, 10 losers
2025-08-14 08:48:52,590 - INFO - Successfully processed data: 15 gainers, 11 losers, 11 banner items
2025-08-14 08:48:52,590 - INFO - 3-min cache updated: 15 gainers, 11 losers, 11 banner items
2025-08-14 08:48:55,130 - INFO - Successfully fetched 50 prices from Coinbase
2025-08-14 08:49:58,016 - WARNING - Failed to get ticker for WCT-USD: float() argument must be a string or a real number, not 'NoneType'
2025-08-14 08:49:58,129 - INFO - Successfully fetched 49 prices from Coinbase
2025-08-14 08:50:00,498 - WARNING - Error processing Coinbase 24h data for WCT-USD: float() argument must be a string or a real number, not 'NoneType'
2025-08-14 08:50:00,915 - INFO - Successfully fetched Coinbase 24h top movers: 2 gainers, 10 losers
2025-08-14 08:50:00,918 - INFO - Successfully processed data: 15 gainers, 10 losers, 12 banner items
2025-08-14 08:50:00,919 - INFO - 3-min cache updated: 15 gainers, 10 losers, 12 banner items
2025-08-14 08:50:03,720 - INFO - Successfully fetched 50 prices from Coinbase
2025-08-14 08:51:06,582 - INFO - Successfully fetched 50 prices from Coinbase
2025-08-14 08:51:09,176 - INFO - Successfully fetched Coinbase 24h top movers: 0 gainers, 10 losers
2025-08-14 08:51:09,178 - INFO - Successfully processed data: 15 gainers, 15 losers, 10 banner items
2025-08-14 08:51:09,178 - INFO - 3-min cache updated: 15 gainers, 15 losers, 10 banner items
2025-08-14 08:51:11,835 - WARNING - Failed to get ticker for WCT-USD: float() argument must be a string or a real number, not 'NoneType'
2025-08-14 08:51:12,086 - INFO - Successfully fetched 49 prices from Coinbase
2025-08-14 08:52:14,096 - WARNING - Failed to get ticker for WCT-USD: float() argument must be a string or a real number, not 'NoneType'
2025-08-14 08:52:14,756 - INFO - Successfully fetched 49 prices from Coinbase
2025-08-14 08:52:17,381 - INFO - Successfully fetched Coinbase 24h top movers: 2 gainers, 10 losers
2025-08-14 08:52:17,385 - INFO - Successfully processed data: 12 gainers, 15 losers, 12 banner items
2025-08-14 08:52:17,386 - INFO - 3-min cache updated: 12 gainers, 15 losers, 12 banner items
2025-08-14 08:52:19,987 - INFO - Successfully fetched 50 prices from Coinbase
2025-08-14 08:53:22,729 - INFO - Successfully fetched 50 prices from Coinbase
2025-08-14 08:53:24,251 - WARNING - Error processing Coinbase 24h data for WCT-USD: float() argument must be a string or a real number, not 'NoneType'
2025-08-14 08:53:25,266 - INFO - Successfully fetched Coinbase 24h top movers: 2 gainers, 10 losers
2025-08-14 08:53:25,267 - INFO - Successfully processed data: 15 gainers, 15 losers, 12 banner items
2025-08-14 08:53:25,268 - INFO - 3-min cache updated: 15 gainers, 15 losers, 12 banner items
2025-08-14 08:53:27,208 - WARNING - Failed to get ticker for WCT-USD: float() argument must be a string or a real number, not 'NoneType'
2025-08-14 08:53:28,140 - INFO - Successfully fetched 49 prices from Coinbase
2025-08-14 08:54:30,950 - INFO - Successfully fetched 50 prices from Coinbase
2025-08-14 08:54:34,315 - INFO - Successfully fetched Coinbase 24h top movers: 1 gainers, 10 losers
2025-08-14 08:54:34,317 - INFO - Successfully processed data: 15 gainers, 13 losers, 11 banner items
2025-08-14 08:54:34,317 - INFO - 3-min cache updated: 15 gainers, 13 losers, 11 banner items
2025-08-14 08:54:37,259 - INFO - Successfully fetched 50 prices from Coinbase
2025-08-14 08:55:40,174 - INFO - Successfully fetched 50 prices from Coinbase
2025-08-14 08:55:43,152 - INFO - Successfully fetched Coinbase 24h top movers: 2 gainers, 10 losers
2025-08-14 08:55:43,154 - INFO - Successfully processed data: 15 gainers, 12 losers, 12 banner items
2025-08-14 08:55:43,154 - INFO - 3-min cache updated: 15 gainers, 12 losers, 12 banner items
2025-08-14 08:55:46,060 - INFO - Successfully fetched 50 prices from Coinbase
2025-08-14 08:56:48,827 - INFO - Successfully fetched 50 prices from Coinbase
2025-08-14 08:56:51,173 - INFO - Successfully fetched Coinbase 24h top movers: 2 gainers, 10 losers
2025-08-14 08:56:51,175 - INFO - Successfully processed data: 6 gainers, 15 losers, 12 banner items
2025-08-14 08:56:51,175 - INFO - 3-min cache updated: 6 gainers, 15 losers, 12 banner items
2025-08-14 08:56:54,136 - INFO - Successfully fetched 50 prices from Coinbase
2025-08-14 08:57:57,112 - INFO - Successfully fetched 50 prices from Coinbase
2025-08-14 08:57:59,962 - WARNING - Error processing Coinbase 24h data for WCT-USD: float() argument must be a string or a real number, not 'NoneType'
2025-08-14 08:57:59,965 - INFO - Successfully fetched Coinbase 24h top movers: 1 gainers, 10 losers
2025-08-14 08:57:59,967 - INFO - Successfully processed data: 10 gainers, 15 losers, 11 banner items
2025-08-14 08:57:59,967 - INFO - 3-min cache updated: 10 gainers, 15 losers, 11 banner items
2025-08-14 08:58:02,800 - INFO - Successfully fetched 50 prices from Coinbase
2025-08-14 08:59:05,524 - INFO - Successfully fetched 50 prices from Coinbase
2025-08-14 08:59:08,274 - INFO - Successfully fetched Coinbase 24h top movers: 2 gainers, 10 losers
2025-08-14 08:59:08,276 - INFO - Successfully processed data: 6 gainers, 15 losers, 12 banner items
2025-08-14 08:59:08,276 - INFO - 3-min cache updated: 6 gainers, 15 losers, 12 banner items
2025-08-14 08:59:10,835 - INFO - Successfully fetched 50 prices from Coinbase
2025-08-14 09:00:13,699 - INFO - Successfully fetched 50 prices from Coinbase
2025-08-14 09:00:16,384 - INFO - Successfully fetched Coinbase 24h top movers: 2 gainers, 10 losers
2025-08-14 09:00:16,386 - INFO - Successfully processed data: 15 gainers, 15 losers, 12 banner items
2025-08-14 09:00:16,387 - INFO - 3-min cache updated: 15 gainers, 15 losers, 12 banner items
2025-08-14 09:00:19,171 - INFO - Successfully fetched 50 prices from Coinbase
2025-08-14 09:01:21,803 - INFO - Successfully fetched 50 prices from Coinbase
2025-08-14 09:01:24,290 - INFO - Successfully fetched Coinbase 24h top movers: 1 gainers, 10 losers
2025-08-14 09:01:24,292 - INFO - Successfully processed data: 14 gainers, 15 losers, 11 banner items
2025-08-14 09:01:24,293 - INFO - 3-min cache updated: 14 gainers, 15 losers, 11 banner items
2025-08-14 09:01:27,026 - INFO - Successfully fetched 50 prices from Coinbase
2025-08-14 09:02:29,988 - INFO - Successfully fetched 50 prices from Coinbase
2025-08-14 09:02:32,420 - INFO - Successfully fetched Coinbase 24h top movers: 2 gainers, 10 losers
2025-08-14 09:02:32,422 - INFO - Successfully processed data: 15 gainers, 15 losers, 12 banner items
2025-08-14 09:02:32,423 - INFO - 3-min cache updated: 15 gainers, 15 losers, 12 banner items
2025-08-14 09:02:35,124 - INFO - Successfully fetched 50 prices from Coinbase
2025-08-14 09:03:38,528 - WARNING - Failed to get ticker for WCT-USD: float() argument must be a string or a real number, not 'NoneType'
2025-08-14 09:03:38,653 - INFO - Successfully fetched 49 prices from Coinbase
2025-08-14 09:03:41,634 - INFO - Successfully fetched Coinbase 24h top movers: 2 gainers, 10 losers
2025-08-14 09:03:41,637 - INFO - Successfully processed data: 15 gainers, 15 losers, 12 banner items
2025-08-14 09:03:41,638 - INFO - 3-min cache updated: 15 gainers, 15 losers, 12 banner items
2025-08-14 09:03:44,527 - INFO - Successfully fetched 50 prices from Coinbase
2025-08-14 09:04:47,413 - INFO - Successfully fetched 50 prices from Coinbase
2025-08-14 09:04:49,776 - INFO - Successfully fetched Coinbase 24h top movers: 2 gainers, 10 losers
2025-08-14 09:04:49,777 - INFO - Successfully processed data: 15 gainers, 15 losers, 12 banner items
2025-08-14 09:04:49,778 - INFO - 3-min cache updated: 15 gainers, 15 losers, 12 banner items
2025-08-14 09:04:52,650 - INFO - Successfully fetched 50 prices from Coinbase
2025-08-14 09:05:55,362 - INFO - Successfully fetched 50 prices from Coinbase
2025-08-14 09:05:58,184 - INFO - Successfully fetched Coinbase 24h top movers: 2 gainers, 10 losers
2025-08-14 09:05:58,186 - INFO - Successfully processed data: 10 gainers, 15 losers, 12 banner items
2025-08-14 09:05:58,187 - INFO - 3-min cache updated: 10 gainers, 15 losers, 12 banner items
2025-08-14 09:06:01,371 - INFO - Successfully fetched 50 prices from Coinbase
2025-08-14 09:07:04,117 - INFO - Successfully fetched 50 prices from Coinbase
2025-08-14 09:07:06,579 - INFO - Successfully fetched Coinbase 24h top movers: 0 gainers, 10 losers
2025-08-14 09:07:06,581 - INFO - Successfully processed data: 7 gainers, 15 losers, 10 banner items
2025-08-14 09:07:06,581 - INFO - 3-min cache updated: 7 gainers, 15 losers, 10 banner items
2025-08-14 09:07:09,556 - INFO - Successfully fetched 50 prices from Coinbase
2025-08-14 09:08:12,115 - INFO - Successfully fetched 50 prices from Coinbase
2025-08-14 09:08:14,663 - INFO - Successfully fetched Coinbase 24h top movers: 0 gainers, 10 losers
2025-08-14 09:08:14,668 - INFO - Successfully processed data: 15 gainers, 15 losers, 10 banner items
2025-08-14 09:08:14,668 - INFO - 3-min cache updated: 15 gainers, 15 losers, 10 banner items
2025-08-14 09:08:17,637 - INFO - Successfully fetched 50 prices from Coinbase
2025-08-14 09:09:20,511 - INFO - Successfully fetched 50 prices from Coinbase
2025-08-14 09:09:23,050 - INFO - Successfully fetched Coinbase 24h top movers: 0 gainers, 10 losers
2025-08-14 09:09:23,052 - INFO - Successfully processed data: 15 gainers, 11 losers, 10 banner items
2025-08-14 09:09:23,052 - INFO - 3-min cache updated: 15 gainers, 11 losers, 10 banner items
2025-08-14 09:09:25,896 - INFO - Successfully fetched 50 prices from Coinbase
2025-08-14 09:10:28,701 - INFO - Successfully fetched 50 prices from Coinbase
2025-08-14 09:10:31,576 - WARNING - Error processing Coinbase 24h data for WCT-USD: float() argument must be a string or a real number, not 'NoneType'
2025-08-14 09:10:31,579 - INFO - Successfully fetched Coinbase 24h top movers: 3 gainers, 10 losers
2025-08-14 09:10:31,580 - INFO - Successfully processed data: 15 gainers, 14 losers, 13 banner items
2025-08-14 09:10:31,580 - INFO - 3-min cache updated: 15 gainers, 14 losers, 13 banner items
2025-08-14 09:10:34,254 - INFO - Successfully fetched 50 prices from Coinbase
2025-08-14 09:11:37,089 - INFO - Successfully fetched 50 prices from Coinbase
2025-08-14 09:11:39,691 - INFO - Successfully fetched Coinbase 24h top movers: 2 gainers, 10 losers
2025-08-14 09:11:39,694 - INFO - Successfully processed data: 8 gainers, 15 losers, 12 banner items
2025-08-14 09:11:39,694 - INFO - 3-min cache updated: 8 gainers, 15 losers, 12 banner items
2025-08-14 09:11:42,761 - INFO - Successfully fetched 50 prices from Coinbase
2025-08-14 09:12:45,951 - INFO - Successfully fetched 50 prices from Coinbase
2025-08-14 09:12:48,397 - INFO - Successfully fetched Coinbase 24h top movers: 2 gainers, 10 losers
2025-08-14 09:12:48,399 - INFO - Successfully processed data: 4 gainers, 15 losers, 12 banner items
2025-08-14 09:12:48,399 - INFO - 3-min cache updated: 4 gainers, 15 losers, 12 banner items
2025-08-14 09:12:51,163 - INFO - Successfully fetched 50 prices from Coinbase
2025-08-14 09:13:54,167 - INFO - Successfully fetched 50 prices from Coinbase
2025-08-14 09:13:56,419 - WARNING - Error processing Coinbase 24h data for WCT-USD: float() argument must be a string or a real number, not 'NoneType'
2025-08-14 09:13:56,688 - INFO - Successfully fetched Coinbase 24h top movers: 1 gainers, 10 losers
2025-08-14 09:13:56,689 - INFO - Successfully processed data: 11 gainers, 15 losers, 11 banner items
2025-08-14 09:13:56,690 - INFO - 3-min cache updated: 11 gainers, 15 losers, 11 banner items
2025-08-14 09:13:59,278 - WARNING - Failed to get ticker for WCT-USD: float() argument must be a string or a real number, not 'NoneType'
2025-08-14 09:13:59,664 - INFO - Successfully fetched 49 prices from Coinbase
2025-08-14 09:15:02,589 - INFO - Successfully fetched 50 prices from Coinbase
2025-08-14 09:15:05,091 - INFO - Successfully fetched Coinbase 24h top movers: 2 gainers, 10 losers
2025-08-14 09:15:05,093 - INFO - Successfully processed data: 4 gainers, 15 losers, 12 banner items
2025-08-14 09:15:05,093 - INFO - 3-min cache updated: 4 gainers, 15 losers, 12 banner items
2025-08-14 09:15:07,926 - INFO - Successfully fetched 50 prices from Coinbase
2025-08-14 09:16:11,235 - INFO - Successfully fetched 50 prices from Coinbase
2025-08-14 09:16:13,844 - INFO - Successfully fetched Coinbase 24h top movers: 1 gainers, 10 losers
2025-08-14 09:16:13,847 - INFO - Successfully processed data: 4 gainers, 15 losers, 11 banner items
2025-08-14 09:16:13,847 - INFO - 3-min cache updated: 4 gainers, 15 losers, 11 banner items
2025-08-14 09:16:16,844 - INFO - Successfully fetched 50 prices from Coinbase
2025-08-14 09:17:19,621 - INFO - Successfully fetched 50 prices from Coinbase
2025-08-14 09:17:21,980 - INFO - Successfully fetched Coinbase 24h top movers: 1 gainers, 10 losers
2025-08-14 09:17:21,981 - INFO - Successfully processed data: 7 gainers, 15 losers, 11 banner items
2025-08-14 09:17:21,982 - INFO - 3-min cache updated: 7 gainers, 15 losers, 11 banner items
2025-08-14 09:17:24,930 - INFO - Successfully fetched 50 prices from Coinbase
2025-08-14 09:18:27,903 - INFO - Successfully fetched 50 prices from Coinbase
2025-08-14 09:18:30,421 - INFO - Successfully fetched Coinbase 24h top movers: 1 gainers, 10 losers
2025-08-14 09:18:30,422 - INFO - Successfully processed data: 10 gainers, 15 losers, 11 banner items
2025-08-14 09:18:30,423 - INFO - 3-min cache updated: 10 gainers, 15 losers, 11 banner items
2025-08-14 09:18:33,938 - INFO - Successfully fetched 50 prices from Coinbase
2025-08-14 09:19:37,190 - INFO - Successfully fetched 50 prices from Coinbase
2025-08-14 09:19:39,587 - INFO - Successfully fetched Coinbase 24h top movers: 1 gainers, 10 losers
2025-08-14 09:19:39,590 - INFO - Successfully processed data: 15 gainers, 15 losers, 11 banner items
2025-08-14 09:19:39,590 - INFO - 3-min cache updated: 15 gainers, 15 losers, 11 banner items
2025-08-14 09:19:42,200 - INFO - Successfully fetched 50 prices from Coinbase
2025-08-14 09:20:44,826 - INFO - Successfully fetched 50 prices from Coinbase
2025-08-14 09:20:47,417 - INFO - Successfully fetched Coinbase 24h top movers: 1 gainers, 10 losers
2025-08-14 09:20:47,420 - INFO - Successfully processed data: 9 gainers, 15 losers, 11 banner items
2025-08-14 09:20:47,420 - INFO - 3-min cache updated: 9 gainers, 15 losers, 11 banner items
2025-08-14 09:20:49,996 - INFO - Successfully fetched 50 prices from Coinbase
2025-08-14 09:21:52,752 - INFO - Successfully fetched 50 prices from Coinbase
2025-08-14 09:21:55,541 - INFO - Successfully fetched Coinbase 24h top movers: 1 gainers, 10 losers
2025-08-14 09:21:55,544 - INFO - Successfully processed data: 11 gainers, 15 losers, 11 banner items
2025-08-14 09:21:55,544 - INFO - 3-min cache updated: 11 gainers, 15 losers, 11 banner items
2025-08-14 09:21:58,258 - INFO - Successfully fetched 50 prices from Coinbase
2025-08-14 09:23:01,152 - INFO - Successfully fetched 50 prices from Coinbase
2025-08-14 09:23:03,787 - INFO - Successfully fetched Coinbase 24h top movers: 2 gainers, 10 losers
2025-08-14 09:23:03,790 - INFO - Successfully processed data: 3 gainers, 15 losers, 12 banner items
2025-08-14 09:23:03,790 - INFO - 3-min cache updated: 3 gainers, 15 losers, 12 banner items
2025-08-14 09:23:06,495 - INFO - Successfully fetched 50 prices from Coinbase
2025-08-14 09:24:09,250 - INFO - Successfully fetched 50 prices from Coinbase
2025-08-14 09:24:12,001 - INFO - Successfully fetched Coinbase 24h top movers: 3 gainers, 10 losers
2025-08-14 09:24:12,002 - INFO - Successfully processed data: 2 gainers, 15 losers, 13 banner items
2025-08-14 09:24:12,003 - INFO - 3-min cache updated: 2 gainers, 15 losers, 13 banner items
2025-08-14 09:24:14,942 - INFO - Successfully fetched 50 prices from Coinbase
2025-08-14 09:25:17,717 - INFO - Successfully fetched 50 prices from Coinbase
2025-08-14 09:25:20,540 - INFO - Successfully fetched Coinbase 24h top movers: 1 gainers, 10 losers
2025-08-14 09:25:20,543 - INFO - Successfully processed data: 4 gainers, 15 losers, 11 banner items
2025-08-14 09:25:20,543 - INFO - 3-min cache updated: 4 gainers, 15 losers, 11 banner items
2025-08-14 09:25:23,091 - INFO - Successfully fetched 50 prices from Coinbase
2025-08-14 09:26:25,851 - INFO - Successfully fetched 50 prices from Coinbase
2025-08-14 09:26:28,653 - INFO - Successfully fetched Coinbase 24h top movers: 4 gainers, 10 losers
2025-08-14 09:26:28,655 - INFO - Successfully processed data: 4 gainers, 15 losers, 14 banner items
2025-08-14 09:26:28,655 - INFO - 3-min cache updated: 4 gainers, 15 losers, 14 banner items
2025-08-14 09:26:31,374 - INFO - Successfully fetched 50 prices from Coinbase
2025-08-14 09:27:34,387 - INFO - Successfully fetched 50 prices from Coinbase
2025-08-14 09:27:37,035 - INFO - Successfully fetched Coinbase 24h top movers: 1 gainers, 10 losers
2025-08-14 09:27:37,036 - INFO - Successfully processed data: 13 gainers, 15 losers, 11 banner items
2025-08-14 09:27:37,037 - INFO - 3-min cache updated: 13 gainers, 15 losers, 11 banner items
2025-08-14 09:27:39,645 - INFO - Successfully fetched 50 prices from Coinbase
2025-08-14 09:28:42,560 - INFO - Successfully fetched 50 prices from Coinbase
2025-08-14 09:28:45,039 - INFO - Successfully fetched Coinbase 24h top movers: 0 gainers, 10 losers
2025-08-14 09:28:45,042 - INFO - Successfully processed data: 15 gainers, 15 losers, 10 banner items
2025-08-14 09:28:45,042 - INFO - 3-min cache updated: 15 gainers, 15 losers, 10 banner items
2025-08-14 09:28:47,640 - INFO - Successfully fetched 50 prices from Coinbase
2025-08-14 09:29:50,232 - INFO - Successfully fetched 50 prices from Coinbase
2025-08-14 09:29:52,500 - WARNING - Error processing Coinbase 24h data for WCT-USD: float() argument must be a string or a real number, not 'NoneType'
2025-08-14 09:29:52,564 - INFO - Successfully fetched Coinbase 24h top movers: 1 gainers, 10 losers
2025-08-14 09:29:52,567 - INFO - Successfully processed data: 15 gainers, 15 losers, 11 banner items
2025-08-14 09:29:52,567 - INFO - 3-min cache updated: 15 gainers, 15 losers, 11 banner items
2025-08-14 09:29:55,104 - WARNING - Failed to get ticker for WCT-USD: float() argument must be a string or a real number, not 'NoneType'
2025-08-14 09:29:55,255 - INFO - Successfully fetched 49 prices from Coinbase
2025-08-14 09:30:57,218 - WARNING - Failed to get ticker for WCT-USD: float() argument must be a string or a real number, not 'NoneType'
2025-08-14 09:30:58,063 - INFO - Successfully fetched 49 prices from Coinbase
2025-08-14 09:30:59,513 - WARNING - Error processing Coinbase 24h data for WCT-USD: float() argument must be a string or a real number, not 'NoneType'
2025-08-14 09:31:00,661 - INFO - Successfully fetched Coinbase 24h top movers: 0 gainers, 10 losers
2025-08-14 09:31:00,663 - INFO - Successfully processed data: 15 gainers, 15 losers, 10 banner items
2025-08-14 09:31:00,663 - INFO - 3-min cache updated: 15 gainers, 15 losers, 10 banner items
2025-08-14 09:31:03,755 - INFO - Successfully fetched 50 prices from Coinbase
2025-08-14 09:32:05,613 - WARNING - Failed to get ticker for WCT-USD: float() argument must be a string or a real number, not 'NoneType'
2025-08-14 09:32:06,568 - INFO - Successfully fetched 49 prices from Coinbase
2025-08-14 09:32:09,245 - INFO - Successfully fetched Coinbase 24h top movers: 0 gainers, 10 losers
2025-08-14 09:32:09,248 - INFO - Successfully processed data: 15 gainers, 11 losers, 10 banner items
2025-08-14 09:32:09,248 - INFO - 3-min cache updated: 15 gainers, 11 losers, 10 banner items
2025-08-14 09:32:12,119 - INFO - Successfully fetched 50 prices from Coinbase
2025-08-14 09:33:14,756 - WARNING - Failed to get ticker for WCT-USD: float() argument must be a string or a real number, not 'NoneType'
2025-08-14 09:33:14,759 - INFO - Successfully fetched 49 prices from Coinbase
2025-08-14 09:33:17,117 - WARNING - Error processing Coinbase 24h data for WCT-USD: float() argument must be a string or a real number, not 'NoneType'
2025-08-14 09:33:17,409 - INFO - Successfully fetched Coinbase 24h top movers: 1 gainers, 10 losers
2025-08-14 09:33:17,411 - INFO - Successfully processed data: 15 gainers, 15 losers, 11 banner items
2025-08-14 09:33:17,411 - INFO - 3-min cache updated: 15 gainers, 15 losers, 11 banner items
2025-08-14 09:33:20,180 - INFO - Successfully fetched 50 prices from Coinbase
2025-08-14 09:34:23,002 - INFO - Successfully fetched 50 prices from Coinbase
2025-08-14 09:34:25,577 - INFO - Successfully fetched Coinbase 24h top movers: 2 gainers, 10 losers
2025-08-14 09:34:25,579 - INFO - Successfully processed data: 14 gainers, 15 losers, 12 banner items
2025-08-14 09:34:25,579 - INFO - 3-min cache updated: 14 gainers, 15 losers, 12 banner items
2025-08-14 09:34:28,620 - INFO - Successfully fetched 50 prices from Coinbase
2025-08-14 09:35:31,865 - INFO - Successfully fetched 50 prices from Coinbase
2025-08-14 09:35:34,488 - INFO - Successfully fetched Coinbase 24h top movers: 0 gainers, 10 losers
2025-08-14 09:35:34,491 - INFO - Successfully processed data: 6 gainers, 15 losers, 10 banner items
2025-08-14 09:35:34,492 - INFO - 3-min cache updated: 6 gainers, 15 losers, 10 banner items
2025-08-14 09:35:37,176 - INFO - Successfully fetched 50 prices from Coinbase
2025-08-14 09:36:40,345 - INFO - Successfully fetched 50 prices from Coinbase
2025-08-14 09:36:43,002 - INFO - Successfully fetched Coinbase 24h top movers: 1 gainers, 10 losers
2025-08-14 09:36:43,005 - INFO - Successfully processed data: 5 gainers, 15 losers, 11 banner items
2025-08-14 09:36:43,006 - INFO - 3-min cache updated: 5 gainers, 15 losers, 11 banner items
2025-08-14 09:36:45,936 - INFO - Successfully fetched 50 prices from Coinbase
2025-08-14 09:37:48,728 - INFO - Successfully fetched 50 prices from Coinbase
2025-08-14 09:37:51,433 - INFO - Successfully fetched Coinbase 24h top movers: 0 gainers, 10 losers
2025-08-14 09:37:51,436 - INFO - Successfully processed data: 3 gainers, 15 losers, 10 banner items
2025-08-14 09:37:51,436 - INFO - 3-min cache updated: 3 gainers, 15 losers, 10 banner items
2025-08-14 09:37:54,031 - INFO - Successfully fetched 50 prices from Coinbase
2025-08-14 09:38:56,954 - INFO - Successfully fetched 50 prices from Coinbase
2025-08-14 09:38:59,772 - INFO - Successfully fetched Coinbase 24h top movers: 1 gainers, 10 losers
2025-08-14 09:38:59,774 - INFO - Successfully processed data: 15 gainers, 15 losers, 11 banner items
2025-08-14 09:38:59,774 - INFO - 3-min cache updated: 15 gainers, 15 losers, 11 banner items
2025-08-14 09:39:02,834 - INFO - Successfully fetched 50 prices from Coinbase
2025-08-14 09:40:05,729 - INFO - Successfully fetched 50 prices from Coinbase
2025-08-14 09:40:08,416 - INFO - Successfully fetched Coinbase 24h top movers: 2 gainers, 10 losers
2025-08-14 09:40:08,418 - INFO - Successfully processed data: 15 gainers, 15 losers, 12 banner items
2025-08-14 09:40:08,418 - INFO - 3-min cache updated: 15 gainers, 15 losers, 12 banner items
2025-08-14 09:40:11,135 - INFO - Successfully fetched 50 prices from Coinbase
2025-08-14 09:41:13,854 - INFO - Successfully fetched 50 prices from Coinbase
2025-08-14 09:41:16,474 - INFO - Successfully fetched Coinbase 24h top movers: 2 gainers, 10 losers
2025-08-14 09:41:16,476 - INFO - Successfully processed data: 15 gainers, 13 losers, 12 banner items
2025-08-14 09:41:16,477 - INFO - 3-min cache updated: 15 gainers, 13 losers, 12 banner items
2025-08-14 09:41:19,199 - INFO - Successfully fetched 50 prices from Coinbase
2025-08-14 09:42:22,004 - INFO - Successfully fetched 50 prices from Coinbase
2025-08-14 09:42:24,705 - INFO - Successfully fetched Coinbase 24h top movers: 0 gainers, 10 losers
2025-08-14 09:42:24,708 - INFO - Successfully processed data: 15 gainers, 11 losers, 10 banner items
2025-08-14 09:42:24,709 - INFO - 3-min cache updated: 15 gainers, 11 losers, 10 banner items
2025-08-14 09:42:27,635 - INFO - Successfully fetched 50 prices from Coinbase
2025-08-14 09:43:30,559 - INFO - Successfully fetched 50 prices from Coinbase
2025-08-14 09:43:33,090 - INFO - Successfully fetched Coinbase 24h top movers: 0 gainers, 10 losers
2025-08-14 09:43:33,092 - INFO - Successfully processed data: 15 gainers, 8 losers, 10 banner items
2025-08-14 09:43:33,093 - INFO - 3-min cache updated: 15 gainers, 8 losers, 10 banner items
2025-08-14 09:43:35,755 - INFO - Successfully fetched 50 prices from Coinbase
2025-08-14 09:44:13,106 - INFO - === CBMo4ers Configuration ===
2025-08-14 09:44:13,107 - INFO - CACHE_TTL: 60
2025-08-14 09:44:13,107 - INFO - INTERVAL_MINUTES: 3
2025-08-14 09:44:13,107 - INFO - MAX_PRICE_HISTORY: 20
2025-08-14 09:44:13,107 - INFO - PORT: 5001
2025-08-14 09:44:13,107 - INFO - HOST: 0.0.0.0
2025-08-14 09:44:13,107 - INFO - DEBUG: False
2025-08-14 09:44:13,107 - INFO - UPDATE_INTERVAL: 60
2025-08-14 09:44:13,107 - INFO - MAX_COINS_PER_CATEGORY: 15
2025-08-14 09:44:13,107 - INFO - MIN_VOLUME_THRESHOLD: 1000000
2025-08-14 09:44:13,107 - INFO - MIN_CHANGE_THRESHOLD: 1.0
2025-08-14 09:44:13,107 - INFO - API_TIMEOUT: 10
2025-08-14 09:44:13,107 - INFO - CHART_DAYS_LIMIT: 30
2025-08-14 09:44:13,107 - INFO - ===============================
2025-08-14 09:44:38,343 - INFO - 127.0.0.1 - - [14/Aug/2025 09:44:38] "GET /api/server-info HTTP/1.1" 200 -
2025-08-14 09:44:38,588 - INFO - === CBMo4ers Configuration ===
2025-08-14 09:44:38,588 - INFO - CACHE_TTL: 60
2025-08-14 09:44:38,588 - INFO - INTERVAL_MINUTES: 3
2025-08-14 09:44:38,588 - INFO - MAX_PRICE_HISTORY: 20
2025-08-14 09:44:38,588 - INFO - PORT: 5001
2025-08-14 09:44:38,588 - INFO - HOST: 0.0.0.0
2025-08-14 09:44:38,588 - INFO - DEBUG: False
2025-08-14 09:44:38,588 - INFO - UPDATE_INTERVAL: 60
2025-08-14 09:44:38,588 - INFO - MAX_COINS_PER_CATEGORY: 15
2025-08-14 09:44:38,588 - INFO - MIN_VOLUME_THRESHOLD: 1000000
2025-08-14 09:44:38,588 - INFO - MIN_CHANGE_THRESHOLD: 1.0
2025-08-14 09:44:38,588 - INFO - API_TIMEOUT: 10
2025-08-14 09:44:38,588 - INFO - CHART_DAYS_LIMIT: 30
2025-08-14 09:44:38,588 - INFO - ===============================
2025-08-14 09:44:38,822 - INFO - Successfully fetched 50 prices from Coinbase
2025-08-14 09:44:41,697 - INFO - Successfully fetched Coinbase 24h top movers: 1 gainers, 10 losers
2025-08-14 09:44:41,699 - INFO - Successfully processed data: 13 gainers, 15 losers, 11 banner items
2025-08-14 09:44:41,700 - INFO - 3-min cache updated: 13 gainers, 15 losers, 11 banner items
2025-08-14 09:44:44,575 - INFO - Successfully fetched 50 prices from Coinbase
2025-08-14 09:44:45,298 - INFO - 127.0.0.1 - - [14/Aug/2025 09:44:45] "GET /api/alerts/recent?limit=25 HTTP/1.1" 200 -
2025-08-14 09:44:45,318 - INFO - 127.0.0.1 - - [14/Aug/2025 09:44:45] "GET /api/alerts/recent?limit=1 HTTP/1.1" 200 -
2025-08-14 09:44:45,320 - INFO - 127.0.0.1 - - [14/Aug/2025 09:44:45] "GET /api/component/gainers-table HTTP/1.1" 200 -
2025-08-14 09:44:45,322 - INFO - 127.0.0.1 - - [14/Aug/2025 09:44:45] "GET /api/component/losers-table HTTP/1.1" 200 -
2025-08-14 09:44:45,324 - INFO - 1-min data processed (throttle 45s) retained=25 gainers=10 losers=15
2025-08-14 09:44:45,324 - INFO - 127.0.0.1 - - [14/Aug/2025 09:44:45] "GET /api/component/gainers-table-1min HTTP/1.1" 200 -
2025-08-14 09:44:45,325 - INFO - 127.0.0.1 - - [14/Aug/2025 09:44:45] "GET /api/component/gainers-table-1min HTTP/1.1" 200 -
2025-08-14 09:44:45,326 - INFO - 127.0.0.1 - - [14/Aug/2025 09:44:45] "GET /api/component/gainers-table-1min HTTP/1.1" 200 -
2025-08-14 09:44:45,367 - INFO - 127.0.0.1 - - [14/Aug/2025 09:44:45] "GET /api/server-info HTTP/1.1" 200 -
2025-08-14 09:44:48,104 - INFO - Successfully fetched Coinbase 24h top movers: 2 gainers, 10 losers
2025-08-14 09:44:48,107 - INFO - 127.0.0.1 - - [14/Aug/2025 09:44:48] "GET /api/component/top-banner-scroll HTTP/1.1" 200 -
2025-08-14 09:44:48,281 - INFO - Successfully fetched Coinbase 24h top movers: 0 gainers, 10 losers
2025-08-14 09:44:48,284 - INFO - 127.0.0.1 - - [14/Aug/2025 09:44:48] "GET /api/component/bottom-banner-scroll HTTP/1.1" 200 -
2025-08-14 09:45:05,306 - INFO - 127.0.0.1 - - [14/Aug/2025 09:45:05] "GET /api/component/gainers-table-1min HTTP/1.1" 200 -
2025-08-14 09:45:15,315 - INFO - 127.0.0.1 - - [14/Aug/2025 09:45:15] "GET /api/component/gainers-table HTTP/1.1" 200 -
2025-08-14 09:45:15,319 - INFO - 127.0.0.1 - - [14/Aug/2025 09:45:15] "GET /api/component/losers-table HTTP/1.1" 200 -
2025-08-14 09:45:15,327 - INFO - 127.0.0.1 - - [14/Aug/2025 09:45:15] "GET /api/component/gainers-table-1min HTTP/1.1" 200 -
2025-08-14 09:45:15,342 - INFO - 127.0.0.1 - - [14/Aug/2025 09:45:15] "GET /api/alerts/recent?limit=25 HTTP/1.1" 200 -
2025-08-14 09:45:15,342 - INFO - 127.0.0.1 - - [14/Aug/2025 09:45:15] "GET /api/alerts/recent?limit=1 HTTP/1.1" 200 -
2025-08-14 09:45:15,346 - INFO - 127.0.0.1 - - [14/Aug/2025 09:45:15] "GET /api/server-info HTTP/1.1" 200 -
2025-08-14 09:45:18,054 - INFO - Successfully fetched Coinbase 24h top movers: 1 gainers, 10 losers
2025-08-14 09:45:18,057 - INFO - 127.0.0.1 - - [14/Aug/2025 09:45:18] "GET /api/component/top-banner-scroll HTTP/1.1" 200 -
2025-08-14 09:45:18,100 - INFO - Successfully fetched Coinbase 24h top movers: 1 gainers, 10 losers
2025-08-14 09:45:18,103 - INFO - 127.0.0.1 - - [14/Aug/2025 09:45:18] "GET /api/component/bottom-banner-scroll HTTP/1.1" 200 -
2025-08-14 09:45:25,343 - INFO - 127.0.0.1 - - [14/Aug/2025 09:45:25] "GET /api/component/gainers-table-1min HTTP/1.1" 200 -
2025-08-14 09:45:37,894 - INFO - Successfully fetched 50 prices from Coinbase
2025-08-14 09:45:37,900 - INFO - 1-min data processed (throttle 45s) retained=25 gainers=8 losers=17
2025-08-14 09:45:37,902 - INFO - 127.0.0.1 - - [14/Aug/2025 09:45:37] "GET /api/component/gainers-table-1min HTTP/1.1" 200 -
2025-08-14 09:45:45,339 - INFO - 127.0.0.1 - - [14/Aug/2025 09:45:45] "GET /api/server-info HTTP/1.1" 200 -
2025-08-14 09:45:45,345 - INFO - 127.0.0.1 - - [14/Aug/2025 09:45:45] "GET /api/alerts/recent?limit=25 HTTP/1.1" 200 -
2025-08-14 09:45:45,346 - INFO - 127.0.0.1 - - [14/Aug/2025 09:45:45] "GET /api/alerts/recent?limit=1 HTTP/1.1" 200 -
2025-08-14 09:45:47,393 - INFO - Successfully fetched 50 prices from Coinbase
2025-08-14 09:45:47,682 - INFO - Successfully fetched 50 prices from Coinbase
2025-08-14 09:45:47,747 - INFO - Successfully fetched 50 prices from Coinbase
2025-08-14 09:45:47,906 - INFO - 127.0.0.1 - - [14/Aug/2025 09:45:47] "GET /api/component/gainers-table-1min HTTP/1.1" 200 -
2025-08-14 09:45:48,004 - INFO - Successfully fetched Coinbase 24h top movers: 1 gainers, 10 losers
2025-08-14 09:45:48,004 - INFO - Successfully fetched Coinbase 24h top movers: 1 gainers, 10 losers
2025-08-14 09:45:48,008 - INFO - 127.0.0.1 - - [14/Aug/2025 09:45:48] "GET /api/component/bottom-banner-scroll HTTP/1.1" 200 -
2025-08-14 09:45:48,009 - INFO - 127.0.0.1 - - [14/Aug/2025 09:45:48] "GET /api/component/top-banner-scroll HTTP/1.1" 200 -
2025-08-14 09:45:49,610 - INFO - Successfully fetched Coinbase 24h top movers: 1 gainers, 10 losers
2025-08-14 09:45:49,611 - INFO - Successfully processed data: 7 gainers, 15 losers, 11 banner items
2025-08-14 09:45:49,611 - INFO - 3-min cache updated: 7 gainers, 15 losers, 11 banner items
2025-08-14 09:45:51,282 - INFO - Successfully fetched Coinbase 24h top movers: 1 gainers, 10 losers
2025-08-14 09:45:51,284 - INFO - Successfully processed data: 7 gainers, 15 losers, 11 banner items
2025-08-14 09:45:51,285 - INFO - 127.0.0.1 - - [14/Aug/2025 09:45:51] "GET /api/component/losers-table HTTP/1.1" 200 -
2025-08-14 09:45:51,895 - INFO - Successfully fetched Coinbase 24h top movers: 1 gainers, 10 losers
2025-08-14 09:45:51,897 - INFO - Successfully processed data: 7 gainers, 15 losers, 11 banner items
2025-08-14 09:45:51,898 - INFO - 127.0.0.1 - - [14/Aug/2025 09:45:51] "GET /api/component/gainers-table HTTP/1.1" 200 -
2025-08-14 09:45:56,353 - INFO - Successfully fetched 50 prices from Coinbase
2025-08-14 09:45:57,913 - INFO - 127.0.0.1 - - [14/Aug/2025 09:45:57] "GET /api/component/gainers-table-1min HTTP/1.1" 200 -
2025-08-14 09:46:07,926 - INFO - 127.0.0.1 - - [14/Aug/2025 09:46:07] "GET /api/component/gainers-table-1min HTTP/1.1" 200 -
2025-08-14 09:46:15,333 - INFO - 127.0.0.1 - - [14/Aug/2025 09:46:15] "GET /api/component/losers-table HTTP/1.1" 200 -
2025-08-14 09:46:15,329 - INFO - 127.0.0.1 - - [14/Aug/2025 09:46:15] "GET /api/component/gainers-table HTTP/1.1" 200 -
2025-08-14 09:46:15,349 - INFO - 127.0.0.1 - - [14/Aug/2025 09:46:15] "GET /api/alerts/recent?limit=25 HTTP/1.1" 200 -
2025-08-14 09:46:15,350 - INFO - 127.0.0.1 - - [14/Aug/2025 09:46:15] "GET /api/alerts/recent?limit=1 HTTP/1.1" 200 -
2025-08-14 09:46:15,353 - INFO - 127.0.0.1 - - [14/Aug/2025 09:46:15] "GET /api/server-info HTTP/1.1" 200 -
2025-08-14 09:46:17,931 - INFO - 127.0.0.1 - - [14/Aug/2025 09:46:17] "GET /api/component/gainers-table-1min HTTP/1.1" 200 -
2025-08-14 09:46:18,446 - INFO - Successfully fetched Coinbase 24h top movers: 2 gainers, 10 losers
2025-08-14 09:46:18,449 - INFO - 127.0.0.1 - - [14/Aug/2025 09:46:18] "GET /api/component/bottom-banner-scroll HTTP/1.1" 200 -
2025-08-14 09:46:18,896 - INFO - Successfully fetched Coinbase 24h top movers: 2 gainers, 10 losers
2025-08-14 09:46:18,897 - INFO - 127.0.0.1 - - [14/Aug/2025 09:46:18] "GET /api/component/top-banner-scroll HTTP/1.1" 200 -
2025-08-14 09:46:33,148 - INFO - Successfully fetched 50 prices from Coinbase
2025-08-14 09:46:33,154 - INFO - 1-min data processed (throttle 45s) retained=25 gainers=6 losers=19
2025-08-14 09:46:33,155 - INFO - 127.0.0.1 - - [14/Aug/2025 09:46:33] "GET /api/component/gainers-table-1min HTTP/1.1" 200 -
2025-08-14 09:46:43,166 - INFO - 127.0.0.1 - - [14/Aug/2025 09:46:43] "GET /api/component/gainers-table-1min HTTP/1.1" 200 -
2025-08-14 09:46:45,303 - INFO - 127.0.0.1 - - [14/Aug/2025 09:46:45] "GET /api/component/gainers-table HTTP/1.1" 200 -
2025-08-14 09:46:45,305 - INFO - 127.0.0.1 - - [14/Aug/2025 09:46:45] "GET /api/component/losers-table HTTP/1.1" 200 -
2025-08-14 09:46:45,328 - INFO - 127.0.0.1 - - [14/Aug/2025 09:46:45] "GET /api/server-info HTTP/1.1" 200 -
2025-08-14 09:46:45,353 - INFO - 127.0.0.1 - - [14/Aug/2025 09:46:45] "GET /api/alerts/recent?limit=25 HTTP/1.1" 200 -
2025-08-14 09:46:45,354 - INFO - 127.0.0.1 - - [14/Aug/2025 09:46:45] "GET /api/alerts/recent?limit=1 HTTP/1.1" 200 -
2025-08-14 09:46:46,072 - INFO - 127.0.0.1 - - [14/Aug/2025 09:46:46] "GET /api/component/gainers-table-1min HTTP/1.1" 200 -
2025-08-14 09:46:46,073 - INFO - 127.0.0.1 - - [14/Aug/2025 09:46:46] "GET /api/alerts/recent?limit=25 HTTP/1.1" 200 -
2025-08-14 09:46:46,116 - INFO - 127.0.0.1 - - [14/Aug/2025 09:46:46] "GET /api/server-info HTTP/1.1" 200 -
2025-08-14 09:46:46,130 - INFO - 127.0.0.1 - - [14/Aug/2025 09:46:46] "GET /api/alerts/recent?limit=1 HTTP/1.1" 200 -
2025-08-14 09:46:48,211 - INFO - Successfully fetched Coinbase 24h top movers: 0 gainers, 10 losers
2025-08-14 09:46:48,215 - INFO - 127.0.0.1 - - [14/Aug/2025 09:46:48] "GET /api/component/top-banner-scroll HTTP/1.1" 200 -
2025-08-14 09:46:48,285 - INFO - Successfully fetched Coinbase 24h top movers: 0 gainers, 10 losers
2025-08-14 09:46:48,286 - INFO - 127.0.0.1 - - [14/Aug/2025 09:46:48] "GET /api/component/top-banner-scroll HTTP/1.1" 200 -
2025-08-14 09:46:48,304 - INFO - Successfully fetched Coinbase 24h top movers: 0 gainers, 10 losers
2025-08-14 09:46:48,306 - INFO - 127.0.0.1 - - [14/Aug/2025 09:46:48] "GET /api/component/bottom-banner-scroll HTTP/1.1" 200 -
2025-08-14 09:46:48,386 - INFO - Successfully fetched Coinbase 24h top movers: 1 gainers, 10 losers
2025-08-14 09:46:48,388 - INFO - 127.0.0.1 - - [14/Aug/2025 09:46:48] "GET /api/component/bottom-banner-scroll HTTP/1.1" 200 -
2025-08-14 09:46:48,909 - INFO - Successfully fetched 50 prices from Coinbase
2025-08-14 09:46:48,932 - INFO - Successfully fetched 50 prices from Coinbase
2025-08-14 09:46:51,166 - INFO - Successfully fetched Coinbase 24h top movers: 0 gainers, 10 losers
2025-08-14 09:46:51,168 - INFO - Successfully processed data: 3 gainers, 15 losers, 10 banner items
2025-08-14 09:46:51,170 - INFO - 127.0.0.1 - - [14/Aug/2025 09:46:51] "GET /api/component/losers-table HTTP/1.1" 200 -
2025-08-14 09:46:51,272 - INFO - Successfully fetched Coinbase 24h top movers: 0 gainers, 10 losers
2025-08-14 09:46:51,273 - INFO - Successfully processed data: 3 gainers, 15 losers, 10 banner items
2025-08-14 09:46:51,273 - INFO - 127.0.0.1 - - [14/Aug/2025 09:46:51] "GET /api/component/gainers-table HTTP/1.1" 200 -
2025-08-14 09:46:56,077 - INFO - 127.0.0.1 - - [14/Aug/2025 09:46:56] "GET /api/component/gainers-table-1min HTTP/1.1" 200 -
2025-08-14 09:46:56,360 - INFO - 3-min cache updated: 3 gainers, 15 losers, 10 banner items
2025-08-14 09:46:59,081 - INFO - Successfully fetched 50 prices from Coinbase
2025-08-14 09:47:06,087 - INFO - 127.0.0.1 - - [14/Aug/2025 09:47:06] "GET /api/component/gainers-table-1min HTTP/1.1" 200 -
2025-08-14 09:47:16,067 - INFO - 127.0.0.1 - - [14/Aug/2025 09:47:16] "GET /api/component/losers-table HTTP/1.1" 200 -
2025-08-14 09:47:16,071 - INFO - 127.0.0.1 - - [14/Aug/2025 09:47:16] "GET /api/component/gainers-table HTTP/1.1" 200 -
2025-08-14 09:47:16,085 - INFO - 127.0.0.1 - - [14/Aug/2025 09:47:16] "GET /api/alerts/recent?limit=25 HTTP/1.1" 200 -
2025-08-14 09:47:16,102 - INFO - 127.0.0.1 - - [14/Aug/2025 09:47:16] "GET /api/server-info HTTP/1.1" 200 -
2025-08-14 09:47:16,139 - INFO - 127.0.0.1 - - [14/Aug/2025 09:47:16] "GET /api/alerts/recent?limit=1 HTTP/1.1" 200 -
2025-08-14 09:47:18,534 - INFO - Successfully fetched Coinbase 24h top movers: 1 gainers, 10 losers
2025-08-14 09:47:18,538 - INFO - 127.0.0.1 - - [14/Aug/2025 09:47:18] "GET /api/component/bottom-banner-scroll HTTP/1.1" 200 -
2025-08-14 09:47:18,629 - INFO - Successfully fetched Coinbase 24h top movers: 1 gainers, 10 losers
2025-08-14 09:47:18,631 - INFO - 127.0.0.1 - - [14/Aug/2025 09:47:18] "GET /api/component/top-banner-scroll HTTP/1.1" 200 -
2025-08-14 09:47:18,690 - INFO - Successfully fetched 50 prices from Coinbase
2025-08-14 09:47:18,693 - INFO - 1-min data processed (throttle 45s) retained=25 gainers=10 losers=15
2025-08-14 09:47:18,694 - INFO - 127.0.0.1 - - [14/Aug/2025 09:47:18] "GET /api/component/gainers-table-1min HTTP/1.1" 200 -
2025-08-14 09:47:28,704 - INFO - 127.0.0.1 - - [14/Aug/2025 09:47:28] "GET /api/component/gainers-table-1min HTTP/1.1" 200 -
2025-08-14 09:47:38,710 - INFO - 127.0.0.1 - - [14/Aug/2025 09:47:38] "GET /api/component/gainers-table-1min HTTP/1.1" 200 -
2025-08-14 09:47:46,087 - INFO - 127.0.0.1 - - [14/Aug/2025 09:47:46] "GET /api/component/gainers-table HTTP/1.1" 200 -
2025-08-14 09:47:46,091 - INFO - 127.0.0.1 - - [14/Aug/2025 09:47:46] "GET /api/component/losers-table HTTP/1.1" 200 -
2025-08-14 09:47:46,093 - INFO - 127.0.0.1 - - [14/Aug/2025 09:47:46] "GET /api/alerts/recent?limit=25 HTTP/1.1" 200 -
2025-08-14 09:47:46,104 - INFO - 127.0.0.1 - - [14/Aug/2025 09:47:46] "GET /api/server-info HTTP/1.1" 200 -
2025-08-14 09:47:46,142 - INFO - 127.0.0.1 - - [14/Aug/2025 09:47:46] "GET /api/alerts/recent?limit=1 HTTP/1.1" 200 -
2025-08-14 09:47:48,691 - INFO - Successfully fetched Coinbase 24h top movers: 1 gainers, 10 losers
2025-08-14 09:47:48,693 - INFO - 127.0.0.1 - - [14/Aug/2025 09:47:48] "GET /api/component/bottom-banner-scroll HTTP/1.1" 200 -
2025-08-14 09:47:48,716 - INFO - 127.0.0.1 - - [14/Aug/2025 09:47:48] "GET /api/component/gainers-table-1min HTTP/1.1" 200 -
2025-08-14 09:47:49,004 - INFO - Successfully fetched Coinbase 24h top movers: 1 gainers, 10 losers
2025-08-14 09:47:49,006 - INFO - 127.0.0.1 - - [14/Aug/2025 09:47:49] "GET /api/component/top-banner-scroll HTTP/1.1" 200 -
2025-08-14 09:47:58,729 - INFO - 127.0.0.1 - - [14/Aug/2025 09:47:58] "GET /api/component/gainers-table-1min HTTP/1.1" 200 -
2025-08-14 09:48:01,945 - INFO - Successfully fetched 50 prices from Coinbase
2025-08-14 09:48:04,412 - INFO - Successfully fetched Coinbase 24h top movers: 3 gainers, 10 losers
2025-08-14 09:48:04,414 - INFO - Successfully processed data: 15 gainers, 15 losers, 13 banner items
2025-08-14 09:48:04,414 - INFO - 3-min cache updated: 15 gainers, 15 losers, 13 banner items
2025-08-14 09:48:07,016 - INFO - Successfully fetched 50 prices from Coinbase
2025-08-14 09:48:08,741 - INFO - 1-min data processed (throttle 45s) retained=25 gainers=13 losers=12
2025-08-14 09:48:08,742 - INFO - 127.0.0.1 - - [14/Aug/2025 09:48:08] "GET /api/component/gainers-table-1min HTTP/1.1" 200 -
2025-08-14 09:48:16,067 - INFO - 127.0.0.1 - - [14/Aug/2025 09:48:16] "GET /api/component/gainers-table HTTP/1.1" 200 -
2025-08-14 09:48:16,069 - INFO - 127.0.0.1 - - [14/Aug/2025 09:48:16] "GET /api/component/losers-table HTTP/1.1" 200 -
2025-08-14 09:48:16,101 - INFO - 127.0.0.1 - - [14/Aug/2025 09:48:16] "GET /api/alerts/recent?limit=25 HTTP/1.1" 200 -
2025-08-14 09:48:16,102 - INFO - 127.0.0.1 - - [14/Aug/2025 09:48:16] "GET /api/server-info HTTP/1.1" 200 -
2025-08-14 09:48:16,148 - INFO - 127.0.0.1 - - [14/Aug/2025 09:48:16] "GET /api/alerts/recent?limit=1 HTTP/1.1" 200 -
2025-08-14 09:48:16,884 - WARNING - Error processing Coinbase 24h data for REZ-USD: HTTPSConnectionPool(host='api.exchange.coinbase.com', port=443): Max retries exceeded with url: /products/REZ-USD/stats (Caused by SSLError(SSLError(1, '[SSL: TLSV1_ALERT_DECODE_ERROR] tlsv1 alert decode error (_ssl.c:1028)')))
2025-08-14 09:48:18,765 - INFO - 127.0.0.1 - - [14/Aug/2025 09:48:18] "GET /api/component/gainers-table-1min HTTP/1.1" 200 -
2025-08-14 09:48:18,946 - INFO - Successfully fetched Coinbase 24h top movers: 2 gainers, 10 losers
2025-08-14 09:48:18,963 - INFO - 127.0.0.1 - - [14/Aug/2025 09:48:18] "GET /api/component/bottom-banner-scroll HTTP/1.1" 200 -
2025-08-14 09:48:18,989 - INFO - Successfully fetched Coinbase 24h top movers: 2 gainers, 9 losers
2025-08-14 09:48:18,994 - INFO - 127.0.0.1 - - [14/Aug/2025 09:48:18] "GET /api/component/top-banner-scroll HTTP/1.1" 200 -
2025-08-14 09:48:28,800 - INFO - 127.0.0.1 - - [14/Aug/2025 09:48:28] "GET /api/component/gainers-table-1min HTTP/1.1" 200 -
2025-08-14 09:48:38,809 - INFO - 127.0.0.1 - - [14/Aug/2025 09:48:38] "GET /api/component/gainers-table-1min HTTP/1.1" 200 -
2025-08-14 09:48:46,082 - INFO - 127.0.0.1 - - [14/Aug/2025 09:48:46] "GET /api/component/losers-table HTTP/1.1" 200 -
2025-08-14 09:48:46,086 - INFO - 127.0.0.1 - - [14/Aug/2025 09:48:46] "GET /api/component/gainers-table HTTP/1.1" 200 -
2025-08-14 09:48:46,108 - INFO - 127.0.0.1 - - [14/Aug/2025 09:48:46] "GET /api/server-info HTTP/1.1" 200 -
2025-08-14 09:48:46,110 - INFO - 127.0.0.1 - - [14/Aug/2025 09:48:46] "GET /api/alerts/recent?limit=25 HTTP/1.1" 200 -
2025-08-14 09:48:46,156 - INFO - 127.0.0.1 - - [14/Aug/2025 09:48:46] "GET /api/alerts/recent?limit=1 HTTP/1.1" 200 -
2025-08-14 09:48:48,570 - INFO - Successfully fetched Coinbase 24h top movers: 1 gainers, 10 losers
2025-08-14 09:48:48,573 - INFO - 127.0.0.1 - - [14/Aug/2025 09:48:48] "GET /api/component/top-banner-scroll HTTP/1.1" 200 -
2025-08-14 09:48:48,639 - INFO - Successfully fetched Coinbase 24h top movers: 1 gainers, 10 losers
2025-08-14 09:48:48,642 - INFO - 127.0.0.1 - - [14/Aug/2025 09:48:48] "GET /api/component/bottom-banner-scroll HTTP/1.1" 200 -
2025-08-14 09:48:48,820 - INFO - 127.0.0.1 - - [14/Aug/2025 09:48:48] "GET /api/component/gainers-table-1min HTTP/1.1" 200 -
2025-08-14 09:49:02,146 - INFO - Successfully fetched 50 prices from Coinbase
2025-08-14 09:49:02,152 - INFO - 1-min data processed (throttle 45s) retained=25 gainers=8 losers=17
2025-08-14 09:49:02,154 - INFO - 127.0.0.1 - - [14/Aug/2025 09:49:02] "GET /api/component/gainers-table-1min HTTP/1.1" 200 -
2025-08-14 09:49:09,461 - INFO - Successfully fetched 50 prices from Coinbase
2025-08-14 09:49:10,541 - WARNING - Error processing Coinbase 24h data for JITOSOL-USD: HTTPSConnectionPool(host='api.exchange.coinbase.com', port=443): Max retries exceeded with url: /products/JITOSOL-USD/stats (Caused by SSLError(SSLError(1, '[SSL: TLSV1_ALERT_DECODE_ERROR] tlsv1 alert decode error (_ssl.c:1028)')))
2025-08-14 09:49:12,162 - INFO - 127.0.0.1 - - [14/Aug/2025 09:49:12] "GET /api/component/gainers-table-1min HTTP/1.1" 200 -
2025-08-14 09:49:12,734 - INFO - Successfully fetched Coinbase 24h top movers: 2 gainers, 10 losers
2025-08-14 09:49:12,735 - INFO - Successfully processed data: 15 gainers, 15 losers, 12 banner items
2025-08-14 09:49:12,735 - INFO - 3-min cache updated: 15 gainers, 15 losers, 12 banner items
2025-08-14 09:49:15,433 - INFO - Successfully fetched 50 prices from Coinbase
2025-08-14 09:49:16,076 - INFO - 127.0.0.1 - - [14/Aug/2025 09:49:16] "GET /api/component/gainers-table HTTP/1.1" 200 -
2025-08-14 09:49:16,081 - INFO - 127.0.0.1 - - [14/Aug/2025 09:49:16] "GET /api/component/losers-table HTTP/1.1" 200 -
2025-08-14 09:49:16,101 - INFO - 127.0.0.1 - - [14/Aug/2025 09:49:16] "GET /api/server-info HTTP/1.1" 200 -
2025-08-14 09:49:16,116 - INFO - 127.0.0.1 - - [14/Aug/2025 09:49:16] "GET /api/alerts/recent?limit=25 HTTP/1.1" 200 -
2025-08-14 09:49:16,162 - INFO - 127.0.0.1 - - [14/Aug/2025 09:49:16] "GET /api/alerts/recent?limit=1 HTTP/1.1" 200 -
2025-08-14 09:49:18,706 - INFO - Successfully fetched Coinbase 24h top movers: 1 gainers, 10 losers
2025-08-14 09:49:18,710 - INFO - 127.0.0.1 - - [14/Aug/2025 09:49:18] "GET /api/component/bottom-banner-scroll HTTP/1.1" 200 -
2025-08-14 09:49:18,875 - INFO - Successfully fetched Coinbase 24h top movers: 0 gainers, 10 losers
2025-08-14 09:49:18,878 - INFO - 127.0.0.1 - - [14/Aug/2025 09:49:18] "GET /api/component/top-banner-scroll HTTP/1.1" 200 -
2025-08-14 09:49:22,168 - INFO - 127.0.0.1 - - [14/Aug/2025 09:49:22] "GET /api/component/gainers-table-1min HTTP/1.1" 200 -
2025-08-14 09:49:32,179 - INFO - 127.0.0.1 - - [14/Aug/2025 09:49:32] "GET /api/component/gainers-table-1min HTTP/1.1" 200 -
2025-08-14 09:49:42,186 - INFO - 127.0.0.1 - - [14/Aug/2025 09:49:42] "GET /api/component/gainers-table-1min HTTP/1.1" 200 -
2025-08-14 09:49:46,075 - INFO - 127.0.0.1 - - [14/Aug/2025 09:49:46] "GET /api/component/gainers-table HTTP/1.1" 200 -
2025-08-14 09:49:46,078 - INFO - 127.0.0.1 - - [14/Aug/2025 09:49:46] "GET /api/component/losers-table HTTP/1.1" 200 -
2025-08-14 09:49:46,100 - INFO - 127.0.0.1 - - [14/Aug/2025 09:49:46] "GET /api/server-info HTTP/1.1" 200 -
2025-08-14 09:49:46,120 - INFO - 127.0.0.1 - - [14/Aug/2025 09:49:46] "GET /api/alerts/recent?limit=25 HTTP/1.1" 200 -
2025-08-14 09:49:46,168 - INFO - 127.0.0.1 - - [14/Aug/2025 09:49:46] "GET /api/alerts/recent?limit=1 HTTP/1.1" 200 -
2025-08-14 09:49:48,654 - INFO - Successfully fetched Coinbase 24h top movers: 0 gainers, 10 losers
2025-08-14 09:49:48,656 - INFO - 127.0.0.1 - - [14/Aug/2025 09:49:48] "GET /api/component/top-banner-scroll HTTP/1.1" 200 -
2025-08-14 09:49:48,735 - INFO - Successfully fetched Coinbase 24h top movers: 0 gainers, 10 losers
2025-08-14 09:49:48,739 - INFO - 127.0.0.1 - - [14/Aug/2025 09:49:48] "GET /api/component/bottom-banner-scroll HTTP/1.1" 200 -
2025-08-14 09:49:54,932 - INFO - Successfully fetched 50 prices from Coinbase
2025-08-14 09:49:54,936 - INFO - 1-min data processed (throttle 45s) retained=25 gainers=13 losers=12
2025-08-14 09:49:54,937 - INFO - 127.0.0.1 - - [14/Aug/2025 09:49:54] "GET /api/component/gainers-table-1min HTTP/1.1" 200 -
2025-08-14 09:50:04,947 - INFO - 127.0.0.1 - - [14/Aug/2025 09:50:04] "GET /api/component/gainers-table-1min HTTP/1.1" 200 -
2025-08-14 09:50:14,963 - INFO - 127.0.0.1 - - [14/Aug/2025 09:50:14] "GET /api/component/gainers-table-1min HTTP/1.1" 200 -
2025-08-14 09:50:16,103 - INFO - 127.0.0.1 - - [14/Aug/2025 09:50:16] "GET /api/server-info HTTP/1.1" 200 -
2025-08-14 09:50:16,125 - INFO - 127.0.0.1 - - [14/Aug/2025 09:50:16] "GET /api/alerts/recent?limit=25 HTTP/1.1" 200 -
2025-08-14 09:50:16,173 - INFO - 127.0.0.1 - - [14/Aug/2025 09:50:16] "GET /api/alerts/recent?limit=1 HTTP/1.1" 200 -
2025-08-14 09:50:17,102 - WARNING - Failed to get ticker for MATIC-USD: HTTPSConnectionPool(host='api.exchange.coinbase.com', port=443): Max retries exceeded with url: /products/MATIC-USD/ticker (Caused by SSLError(SSLError(1, '[SSL: TLSV1_ALERT_DECODE_ERROR] tlsv1 alert decode error (_ssl.c:1028)')))
2025-08-14 09:50:18,307 - INFO - Successfully fetched 50 prices from Coinbase
2025-08-14 09:50:18,512 - INFO - Successfully fetched 50 prices from Coinbase
2025-08-14 09:50:18,572 - INFO - Successfully fetched 49 prices from Coinbase
2025-08-14 09:50:18,731 - INFO - Successfully fetched Coinbase 24h top movers: 1 gainers, 10 losers
2025-08-14 09:50:18,733 - INFO - 127.0.0.1 - - [14/Aug/2025 09:50:18] "GET /api/component/bottom-banner-scroll HTTP/1.1" 200 -
2025-08-14 09:50:18,743 - INFO - Successfully fetched Coinbase 24h top movers: 1 gainers, 10 losers
2025-08-14 09:50:18,743 - INFO - 127.0.0.1 - - [14/Aug/2025 09:50:18] "GET /api/component/top-banner-scroll HTTP/1.1" 200 -
2025-08-14 09:50:20,578 - INFO - Successfully fetched Coinbase 24h top movers: 1 gainers, 10 losers
2025-08-14 09:50:20,579 - INFO - Successfully processed data: 15 gainers, 14 losers, 11 banner items
2025-08-14 09:50:20,580 - INFO - 127.0.0.1 - - [14/Aug/2025 09:50:20] "GET /api/component/gainers-table HTTP/1.1" 200 -
2025-08-14 09:50:20,668 - INFO - Successfully fetched Coinbase 24h top movers: 1 gainers, 10 losers
2025-08-14 09:50:20,669 - INFO - Successfully processed data: 15 gainers, 14 losers, 11 banner items
2025-08-14 09:50:20,669 - INFO - 3-min cache updated: 15 gainers, 14 losers, 11 banner items
2025-08-14 09:50:20,737 - INFO - Successfully fetched Coinbase 24h top movers: 1 gainers, 10 losers
2025-08-14 09:50:20,738 - INFO - Successfully processed data: 15 gainers, 14 losers, 11 banner items
2025-08-14 09:50:20,739 - INFO - 127.0.0.1 - - [14/Aug/2025 09:50:20] "GET /api/component/losers-table HTTP/1.1" 200 -
2025-08-14 09:50:23,276 - INFO - Successfully fetched 50 prices from Coinbase
2025-08-14 09:50:24,972 - INFO - 127.0.0.1 - - [14/Aug/2025 09:50:24] "GET /api/component/gainers-table-1min HTTP/1.1" 200 -
2025-08-14 09:50:34,985 - INFO - 127.0.0.1 - - [14/Aug/2025 09:50:34] "GET /api/component/gainers-table-1min HTTP/1.1" 200 -
2025-08-14 09:50:46,066 - INFO - 127.0.0.1 - - [14/Aug/2025 09:50:46] "GET /api/component/gainers-table HTTP/1.1" 200 -
2025-08-14 09:50:46,068 - INFO - 127.0.0.1 - - [14/Aug/2025 09:50:46] "GET /api/component/losers-table HTTP/1.1" 200 -
2025-08-14 09:50:46,117 - INFO - 127.0.0.1 - - [14/Aug/2025 09:50:46] "GET /api/server-info HTTP/1.1" 200 -
2025-08-14 09:50:46,130 - INFO - 127.0.0.1 - - [14/Aug/2025 09:50:46] "GET /api/alerts/recent?limit=25 HTTP/1.1" 200 -
2025-08-14 09:50:46,179 - INFO - 127.0.0.1 - - [14/Aug/2025 09:50:46] "GET /api/alerts/recent?limit=1 HTTP/1.1" 200 -
2025-08-14 09:50:47,819 - INFO - Successfully fetched 50 prices from Coinbase
2025-08-14 09:50:47,825 - INFO - 1-min data processed (throttle 45s) retained=25 gainers=12 losers=13
2025-08-14 09:50:47,826 - INFO - 127.0.0.1 - - [14/Aug/2025 09:50:47] "GET /api/component/gainers-table-1min HTTP/1.1" 200 -
2025-08-14 09:50:48,662 - INFO - Successfully fetched Coinbase 24h top movers: 0 gainers, 10 losers
2025-08-14 09:50:48,665 - INFO - 127.0.0.1 - - [14/Aug/2025 09:50:48] "GET /api/component/top-banner-scroll HTTP/1.1" 200 -
2025-08-14 09:50:48,695 - INFO - Successfully fetched Coinbase 24h top movers: 0 gainers, 10 losers
2025-08-14 09:50:48,701 - INFO - 127.0.0.1 - - [14/Aug/2025 09:50:48] "GET /api/component/bottom-banner-scroll HTTP/1.1" 200 -
2025-08-14 09:50:57,854 - INFO - 127.0.0.1 - - [14/Aug/2025 09:50:57] "GET /api/component/gainers-table-1min HTTP/1.1" 200 -
2025-08-14 09:51:04,835 - INFO - 127.0.0.1 - - [14/Aug/2025 09:51:04] "GET /api/component/gainers-table-1min HTTP/1.1" 200 -
2025-08-14 09:51:04,835 - INFO - 127.0.0.1 - - [14/Aug/2025 09:51:04] "GET /api/alerts/recent?limit=25 HTTP/1.1" 200 -
2025-08-14 09:51:04,896 - INFO - 127.0.0.1 - - [14/Aug/2025 09:51:04] "GET /api/server-info HTTP/1.1" 200 -
2025-08-14 09:51:04,943 - INFO - 127.0.0.1 - - [14/Aug/2025 09:51:04] "GET /api/alerts/recent?limit=1 HTTP/1.1" 200 -
2025-08-14 09:51:04,968 - INFO - 127.0.0.1 - - [14/Aug/2025 09:51:04] "GET /api/component/gainers-table HTTP/1.1" 200 -
2025-08-14 09:51:04,974 - INFO - 127.0.0.1 - - [14/Aug/2025 09:51:04] "GET /api/component/losers-table HTTP/1.1" 200 -
2025-08-14 09:51:05,055 - INFO - 127.0.0.1 - - [14/Aug/2025 09:51:05] "GET /api/alerts/recent?limit=25 HTTP/1.1" 200 -
2025-08-14 09:51:05,067 - INFO - 127.0.0.1 - - [14/Aug/2025 09:51:05] "GET /api/component/gainers-table-1min HTTP/1.1" 200 -
2025-08-14 09:51:05,096 - INFO - 127.0.0.1 - - [14/Aug/2025 09:51:05] "GET /api/server-info HTTP/1.1" 200 -
2025-08-14 09:51:05,137 - INFO - 127.0.0.1 - - [14/Aug/2025 09:51:05] "GET /api/alerts/recent?limit=1 HTTP/1.1" 200 -
2025-08-14 09:51:05,138 - INFO - 127.0.0.1 - - [14/Aug/2025 09:51:05] "GET /api/component/losers-table HTTP/1.1" 200 -
2025-08-14 09:51:05,140 - INFO - 127.0.0.1 - - [14/Aug/2025 09:51:05] "GET /api/component/gainers-table HTTP/1.1" 200 -
2025-08-14 09:51:07,628 - INFO - Successfully fetched Coinbase 24h top movers: 0 gainers, 10 losers
2025-08-14 09:51:07,631 - INFO - 127.0.0.1 - - [14/Aug/2025 09:51:07] "GET /api/component/top-banner-scroll HTTP/1.1" 200 -
2025-08-14 09:51:07,703 - INFO - Successfully fetched Coinbase 24h top movers: 0 gainers, 10 losers
2025-08-14 09:51:07,706 - INFO - 127.0.0.1 - - [14/Aug/2025 09:51:07] "GET /api/component/top-banner-scroll HTTP/1.1" 200 -
2025-08-14 09:51:07,781 - INFO - Successfully fetched Coinbase 24h top movers: 0 gainers, 10 losers
2025-08-14 09:51:07,784 - INFO - 127.0.0.1 - - [14/Aug/2025 09:51:07] "GET /api/component/bottom-banner-scroll HTTP/1.1" 200 -
2025-08-14 09:51:07,846 - INFO - Successfully fetched Coinbase 24h top movers: 0 gainers, 10 losers
2025-08-14 09:51:07,849 - INFO - 127.0.0.1 - - [14/Aug/2025 09:51:07] "GET /api/component/bottom-banner-scroll HTTP/1.1" 200 -
2025-08-14 09:51:15,063 - INFO - 127.0.0.1 - - [14/Aug/2025 09:51:15] "GET /api/component/gainers-table-1min HTTP/1.1" 200 -
2025-08-14 09:51:25,076 - INFO - 127.0.0.1 - - [14/Aug/2025 09:51:25] "GET /api/component/gainers-table-1min HTTP/1.1" 200 -
2025-08-14 09:51:25,927 - WARNING - Failed to get ticker for WCT-USD: float() argument must be a string or a real number, not 'NoneType'
2025-08-14 09:51:26,421 - INFO - Successfully fetched 49 prices from Coinbase
2025-08-14 09:51:28,842 - INFO - Successfully fetched Coinbase 24h top movers: 1 gainers, 10 losers
2025-08-14 09:51:28,844 - INFO - Successfully processed data: 15 gainers, 9 losers, 11 banner items
2025-08-14 09:51:28,844 - INFO - 3-min cache updated: 15 gainers, 9 losers, 11 banner items
2025-08-14 09:51:31,691 - INFO - Successfully fetched 50 prices from Coinbase
2025-08-14 09:51:35,068 - INFO - 127.0.0.1 - - [14/Aug/2025 09:51:35] "GET /api/component/losers-table HTTP/1.1" 200 -
2025-08-14 09:51:35,070 - INFO - 127.0.0.1 - - [14/Aug/2025 09:51:35] "GET /api/component/gainers-table HTTP/1.1" 200 -
2025-08-14 09:51:35,090 - INFO - 1-min data processed (throttle 45s) retained=25 gainers=7 losers=18
2025-08-14 09:51:35,091 - INFO - 127.0.0.1 - - [14/Aug/2025 09:51:35] "GET /api/component/gainers-table-1min HTTP/1.1" 200 -
2025-08-14 09:51:35,102 - INFO - 127.0.0.1 - - [14/Aug/2025 09:51:35] "GET /api/server-info HTTP/1.1" 200 -
2025-08-14 09:51:35,133 - INFO - 127.0.0.1 - - [14/Aug/2025 09:51:35] "GET /api/alerts/recent?limit=25 HTTP/1.1" 200 -
2025-08-14 09:51:35,161 - INFO - 127.0.0.1 - - [14/Aug/2025 09:51:35] "GET /api/alerts/recent?limit=1 HTTP/1.1" 200 -
2025-08-14 09:51:36,577 - WARNING - Error processing Coinbase 24h data for WCT-USD: float() argument must be a string or a real number, not 'NoneType'
2025-08-14 09:51:36,580 - WARNING - Error processing Coinbase 24h data for WCT-USD: float() argument must be a string or a real number, not 'NoneType'
2025-08-14 09:51:37,838 - INFO - Successfully fetched Coinbase 24h top movers: 1 gainers, 10 losers
2025-08-14 09:51:37,842 - INFO - 127.0.0.1 - - [14/Aug/2025 09:51:37] "GET /api/component/top-banner-scroll HTTP/1.1" 200 -
2025-08-14 09:51:38,002 - INFO - Successfully fetched Coinbase 24h top movers: 1 gainers, 10 losers
2025-08-14 09:51:38,005 - INFO - 127.0.0.1 - - [14/Aug/2025 09:51:38] "GET /api/component/bottom-banner-scroll HTTP/1.1" 200 -
2025-08-14 09:51:45,105 - INFO - 127.0.0.1 - - [14/Aug/2025 09:51:45] "GET /api/component/gainers-table-1min HTTP/1.1" 200 -
2025-08-14 09:51:55,118 - INFO - 127.0.0.1 - - [14/Aug/2025 09:51:55] "GET /api/component/gainers-table-1min HTTP/1.1" 200 -
2025-08-14 09:52:05,069 - INFO - 127.0.0.1 - - [14/Aug/2025 09:52:05] "GET /api/component/gainers-table HTTP/1.1" 200 -
2025-08-14 09:52:05,072 - INFO - 127.0.0.1 - - [14/Aug/2025 09:52:05] "GET /api/component/losers-table HTTP/1.1" 200 -
2025-08-14 09:52:05,094 - INFO - 127.0.0.1 - - [14/Aug/2025 09:52:05] "GET /api/server-info HTTP/1.1" 200 -
2025-08-14 09:52:05,126 - INFO - 127.0.0.1 - - [14/Aug/2025 09:52:05] "GET /api/component/gainers-table-1min HTTP/1.1" 200 -
2025-08-14 09:52:05,140 - INFO - 127.0.0.1 - - [14/Aug/2025 09:52:05] "GET /api/alerts/recent?limit=25 HTTP/1.1" 200 -
2025-08-14 09:52:05,169 - INFO - 127.0.0.1 - - [14/Aug/2025 09:52:05] "GET /api/alerts/recent?limit=1 HTTP/1.1" 200 -
2025-08-14 09:52:07,568 - INFO - Successfully fetched Coinbase 24h top movers: 1 gainers, 10 losers
2025-08-14 09:52:07,571 - INFO - 127.0.0.1 - - [14/Aug/2025 09:52:07] "GET /api/component/bottom-banner-scroll HTTP/1.1" 200 -
2025-08-14 09:52:07,594 - INFO - Successfully fetched Coinbase 24h top movers: 1 gainers, 10 losers
2025-08-14 09:52:07,595 - INFO - 127.0.0.1 - - [14/Aug/2025 09:52:07] "GET /api/component/top-banner-scroll HTTP/1.1" 200 -
2025-08-14 09:52:15,141 - INFO - 127.0.0.1 - - [14/Aug/2025 09:52:15] "GET /api/component/gainers-table-1min HTTP/1.1" 200 -
2025-08-14 09:52:27,955 - INFO - Successfully fetched 50 prices from Coinbase
2025-08-14 09:52:27,961 - INFO - 1-min data processed (throttle 45s) retained=25 gainers=8 losers=17
2025-08-14 09:52:27,962 - INFO - 127.0.0.1 - - [14/Aug/2025 09:52:27] "GET /api/component/gainers-table-1min HTTP/1.1" 200 -
2025-08-14 09:52:34,482 - INFO - Successfully fetched 50 prices from Coinbase
2025-08-14 09:52:35,085 - INFO - 127.0.0.1 - - [14/Aug/2025 09:52:35] "GET /api/server-info HTTP/1.1" 200 -
2025-08-14 09:52:35,148 - INFO - 127.0.0.1 - - [14/Aug/2025 09:52:35] "GET /api/alerts/recent?limit=25 HTTP/1.1" 200 -
2025-08-14 09:52:35,176 - INFO - 127.0.0.1 - - [14/Aug/2025 09:52:35] "GET /api/alerts/recent?limit=1 HTTP/1.1" 200 -
2025-08-14 09:52:37,060 - INFO - Successfully fetched Coinbase 24h top movers: 0 gainers, 10 losers
2025-08-14 09:52:37,061 - INFO - Successfully processed data: 15 gainers, 15 losers, 10 banner items
2025-08-14 09:52:37,061 - INFO - 3-min cache updated: 15 gainers, 15 losers, 10 banner items
2025-08-14 09:52:37,691 - INFO - Successfully fetched Coinbase 24h top movers: 1 gainers, 10 losers
2025-08-14 09:52:37,693 - INFO - 127.0.0.1 - - [14/Aug/2025 09:52:37] "GET /api/component/top-banner-scroll HTTP/1.1" 200 -
2025-08-14 09:52:37,822 - INFO - Successfully fetched Coinbase 24h top movers: 1 gainers, 10 losers
2025-08-14 09:52:37,826 - INFO - 127.0.0.1 - - [14/Aug/2025 09:52:37] "GET /api/component/bottom-banner-scroll HTTP/1.1" 200 -
2025-08-14 09:52:37,969 - INFO - 127.0.0.1 - - [14/Aug/2025 09:52:37] "GET /api/component/gainers-table-1min HTTP/1.1" 200 -
2025-08-14 09:52:38,045 - INFO - Successfully fetched 50 prices from Coinbase
2025-08-14 09:52:38,059 - INFO - Successfully fetched 50 prices from Coinbase
2025-08-14 09:52:39,718 - INFO - Successfully fetched 50 prices from Coinbase
2025-08-14 09:52:40,245 - INFO - Successfully fetched Coinbase 24h top movers: 1 gainers, 10 losers
2025-08-14 09:52:40,249 - INFO - Successfully processed data: 15 gainers, 15 losers, 11 banner items
2025-08-14 09:52:40,250 - INFO - 127.0.0.1 - - [14/Aug/2025 09:52:40] "GET /api/component/losers-table HTTP/1.1" 200 -
2025-08-14 09:52:40,351 - INFO - Successfully fetched Coinbase 24h top movers: 1 gainers, 10 losers
2025-08-14 09:52:40,353 - INFO - Successfully processed data: 15 gainers, 15 losers, 11 banner items
2025-08-14 09:52:40,354 - INFO - 127.0.0.1 - - [14/Aug/2025 09:52:40] "GET /api/component/gainers-table HTTP/1.1" 200 -
2025-08-14 09:52:47,979 - INFO - 127.0.0.1 - - [14/Aug/2025 09:52:47] "GET /api/component/gainers-table-1min HTTP/1.1" 200 -
2025-08-14 09:52:57,992 - INFO - 127.0.0.1 - - [14/Aug/2025 09:52:57] "GET /api/component/gainers-table-1min HTTP/1.1" 200 -
2025-08-14 09:53:05,068 - INFO - 127.0.0.1 - - [14/Aug/2025 09:53:05] "GET /api/component/gainers-table HTTP/1.1" 200 -
2025-08-14 09:53:05,071 - INFO - 127.0.0.1 - - [14/Aug/2025 09:53:05] "GET /api/component/losers-table HTTP/1.1" 200 -
2025-08-14 09:53:05,092 - INFO - 127.0.0.1 - - [14/Aug/2025 09:53:05] "GET /api/server-info HTTP/1.1" 200 -
2025-08-14 09:53:05,155 - INFO - 127.0.0.1 - - [14/Aug/2025 09:53:05] "GET /api/alerts/recent?limit=25 HTTP/1.1" 200 -
2025-08-14 09:53:05,181 - INFO - 127.0.0.1 - - [14/Aug/2025 09:53:05] "GET /api/alerts/recent?limit=1 HTTP/1.1" 200 -
2025-08-14 09:53:07,765 - INFO - Successfully fetched Coinbase 24h top movers: 0 gainers, 10 losers
2025-08-14 09:53:07,768 - INFO - 127.0.0.1 - - [14/Aug/2025 09:53:07] "GET /api/component/bottom-banner-scroll HTTP/1.1" 200 -
2025-08-14 09:53:07,935 - INFO - Successfully fetched Coinbase 24h top movers: 0 gainers, 10 losers
2025-08-14 09:53:07,940 - INFO - 127.0.0.1 - - [14/Aug/2025 09:53:07] "GET /api/component/top-banner-scroll HTTP/1.1" 200 -
2025-08-14 09:53:07,999 - INFO - 127.0.0.1 - - [14/Aug/2025 09:53:07] "GET /api/component/gainers-table-1min HTTP/1.1" 200 -
2025-08-14 09:53:20,795 - INFO - Successfully fetched 50 prices from Coinbase
2025-08-14 09:53:20,801 - INFO - 1-min data processed (throttle 45s) retained=25 gainers=5 losers=20
2025-08-14 09:53:20,801 - INFO - 127.0.0.1 - - [14/Aug/2025 09:53:20] "GET /api/component/gainers-table-1min HTTP/1.1" 200 -
2025-08-14 09:53:30,812 - INFO - 127.0.0.1 - - [14/Aug/2025 09:53:30] "GET /api/component/gainers-table-1min HTTP/1.1" 200 -
2025-08-14 09:53:35,090 - INFO - 127.0.0.1 - - [14/Aug/2025 09:53:35] "GET /api/server-info HTTP/1.1" 200 -
2025-08-14 09:53:35,159 - INFO - 127.0.0.1 - - [14/Aug/2025 09:53:35] "GET /api/alerts/recent?limit=25 HTTP/1.1" 200 -
2025-08-14 09:53:35,187 - INFO - 127.0.0.1 - - [14/Aug/2025 09:53:35] "GET /api/alerts/recent?limit=1 HTTP/1.1" 200 -
2025-08-14 09:53:37,679 - INFO - Successfully fetched 50 prices from Coinbase
2025-08-14 09:53:37,689 - INFO - Successfully fetched 50 prices from Coinbase
2025-08-14 09:53:37,787 - INFO - Successfully fetched Coinbase 24h top movers: 0 gainers, 10 losers
2025-08-14 09:53:37,794 - INFO - 127.0.0.1 - - [14/Aug/2025 09:53:37] "GET /api/component/top-banner-scroll HTTP/1.1" 200 -
2025-08-14 09:53:38,051 - INFO - Successfully fetched Coinbase 24h top movers: 0 gainers, 10 losers
2025-08-14 09:53:38,054 - INFO - 127.0.0.1 - - [14/Aug/2025 09:53:38] "GET /api/component/bottom-banner-scroll HTTP/1.1" 200 -
2025-08-14 09:53:39,498 - WARNING - Error processing Coinbase 24h data for MNDE-USD: HTTPSConnectionPool(host='api.exchange.coinbase.com', port=443): Max retries exceeded with url: /products/MNDE-USD/ticker (Caused by SSLError(SSLError(1, '[SSL: TLSV1_ALERT_DECODE_ERROR] tlsv1 alert decode error (_ssl.c:1028)')))
2025-08-14 09:53:39,838 - INFO - Successfully fetched Coinbase 24h top movers: 0 gainers, 10 losers
2025-08-14 09:53:39,842 - INFO - Successfully processed data: 15 gainers, 15 losers, 10 banner items
2025-08-14 09:53:39,844 - INFO - 127.0.0.1 - - [14/Aug/2025 09:53:39] "GET /api/component/gainers-table HTTP/1.1" 200 -
2025-08-14 09:53:39,925 - INFO - Successfully fetched Coinbase 24h top movers: 0 gainers, 10 losers
2025-08-14 09:53:39,926 - INFO - Successfully processed data: 15 gainers, 15 losers, 10 banner items
2025-08-14 09:53:39,927 - INFO - 127.0.0.1 - - [14/Aug/2025 09:53:39] "GET /api/component/losers-table HTTP/1.1" 200 -
2025-08-14 09:53:40,818 - INFO - 127.0.0.1 - - [14/Aug/2025 09:53:40] "GET /api/component/gainers-table-1min HTTP/1.1" 200 -
2025-08-14 09:53:42,383 - INFO - Successfully fetched 50 prices from Coinbase
2025-08-14 09:53:45,454 - INFO - Successfully fetched Coinbase 24h top movers: 1 gainers, 10 losers
2025-08-14 09:53:45,455 - INFO - Successfully processed data: 15 gainers, 15 losers, 11 banner items
2025-08-14 09:53:45,456 - INFO - 3-min cache updated: 15 gainers, 15 losers, 11 banner items
2025-08-14 09:53:48,853 - INFO - Successfully fetched 50 prices from Coinbase
2025-08-14 09:53:50,831 - INFO - 127.0.0.1 - - [14/Aug/2025 09:53:50] "GET /api/component/gainers-table-1min HTTP/1.1" 200 -
2025-08-14 09:54:00,857 - INFO - 127.0.0.1 - - [14/Aug/2025 09:54:00] "GET /api/component/gainers-table-1min HTTP/1.1" 200 -
2025-08-14 09:54:05,068 - INFO - 127.0.0.1 - - [14/Aug/2025 09:54:05] "GET /api/component/gainers-table HTTP/1.1" 200 -
2025-08-14 09:54:05,072 - INFO - 127.0.0.1 - - [14/Aug/2025 09:54:05] "GET /api/component/losers-table HTTP/1.1" 200 -
2025-08-14 09:54:05,088 - INFO - 127.0.0.1 - - [14/Aug/2025 09:54:05] "GET /api/server-info HTTP/1.1" 200 -
2025-08-14 09:54:05,166 - INFO - 127.0.0.1 - - [14/Aug/2025 09:54:05] "GET /api/alerts/recent?limit=25 HTTP/1.1" 200 -
2025-08-14 09:54:05,193 - INFO - 127.0.0.1 - - [14/Aug/2025 09:54:05] "GET /api/alerts/recent?limit=1 HTTP/1.1" 200 -
2025-08-14 09:54:07,370 - WARNING - Error processing Coinbase 24h data for WCT-USD: float() argument must be a string or a real number, not 'NoneType'
2025-08-14 09:54:07,410 - WARNING - Error processing Coinbase 24h data for WCT-USD: float() argument must be a string or a real number, not 'NoneType'
2025-08-14 09:54:07,514 - INFO - Successfully fetched Coinbase 24h top movers: 0 gainers, 10 losers
2025-08-14 09:54:07,519 - INFO - 127.0.0.1 - - [14/Aug/2025 09:54:07] "GET /api/component/bottom-banner-scroll HTTP/1.1" 200 -
2025-08-14 09:54:07,577 - INFO - Successfully fetched Coinbase 24h top movers: 0 gainers, 10 losers
2025-08-14 09:54:07,609 - INFO - 127.0.0.1 - - [14/Aug/2025 09:54:07] "GET /api/component/top-banner-scroll HTTP/1.1" 200 -
2025-08-14 09:54:13,707 - INFO - Successfully fetched 50 prices from Coinbase
2025-08-14 09:54:13,714 - INFO - 1-min data processed (throttle 45s) retained=25 gainers=16 losers=9
2025-08-14 09:54:13,721 - INFO - 127.0.0.1 - - [14/Aug/2025 09:54:13] "GET /api/component/gainers-table-1min HTTP/1.1" 200 -
2025-08-14 09:54:23,739 - INFO - 127.0.0.1 - - [14/Aug/2025 09:54:23] "GET /api/component/gainers-table-1min HTTP/1.1" 200 -
